INFO  ch.cypherchecker.common.GlobalState - MATCH (n:yn) WHERE ((reverse(""))+(sign(-0o75276107476103522304))) IS NULL DELETE n RETURN * ORDER BY n.M
INFO  ch.cypherchecker.common.GlobalState - SHOW TRANSACTION
INFO  ch.cypherchecker.common.GlobalState - SHOW ALL FUNCTION
INFO  ch.cypherchecker.common.GlobalState - CREATE (O8:r {N8:toIntegerOrNull(log10(-0x3b5cc2c28b78def8))}), (ss3:r {t:time('09'), N8:(O8.N8)*(O8.N8)}), (B:yn {M:point({ x: 0.408193, y: 0.682674 })}), (V:r {t:time('12:08:38,177300366'), N8:O8.N8}), (keO5:rE6 {ce1xNY:0.9393419027328491, w:false}), (ss3)-[z:g {zM_:0.8796215057373047}]->(B), (ss3)-[aPYd:g {zM_:floor(z.zM_)}]->(keO5), (ss3)-[w:g {pEIxL:point({ x: 0.839174, y: 0.532199, z: 0.020006 })}]->(O8), (B)-[Wl:y6BmQ {FF9P5Xul:6146645527258474171}]->(ss3), (B)-[KKiQbq:y6BmQ {FF9P5Xul:toInteger(keO5.D1Vp)}]->(keO5), (B)-[P:g {pEIxL:aPYd.pEIxL}]->(O8), (keO5)-[eTXZgiPx:ePt {vY:time('23'), k:point({ x: 0.960052, y: 0.278311, z: 0.007342 })}]->(ss3), (keO5)-[re:ePt {vY:time('02'), k:null}]->(keO5), (keO5)-[zV:y6BmQ {FF9P5Xul:size((keO5.bCRX)+(keO5.D1Vp))}]->(V), (V)-[CitJSK8vq:ePt {vY:re.vY, k:point({ x: 0.642186, y: 0.920757 })}]->(ss3), (V)-[Zj:y6BmQ {FF9P5Xul:681542227818106236}]->(B), (O8)-[o:y6BmQ {FF9P5Xul:sign(w.zM_)}]->(keO5), (O8)-[ZPDJlk:g {pEIxL:point({ x: 0.564859, y: 0.727614, z: 0.421305 })}]->(O8) RETURN DISTINCT Zj , P.pEIxL AS R , B.M , Wl.FF9P5Xul AS MJAbyF , w.pEIxL , O8 , KKiQbq.FF9P5Xul AS QDxLnKv5x , zV.FF9P5Xul , CitJSK8vq.vY , o ORDER BY Zj , w.pEIxL  LIMIT 6914849674653037759
INFO  ch.cypherchecker.common.GlobalState - MATCH (n:yn) WHERE NOT(((toBoolean("B7"))XOR(toBooleanOrNull(date('0515-01-03'))))OR(((((((false)XOR(false))OR(true))OR((duration('P1041862299Y')) IS NULL))OR(NOT(true)))XOR(("F")ENDS WITH("9")))OR((duration('P867567523M662596638W1940420075DT507114756H2147483647M')) IS NULL))) SET n.M = point({ x: 0.397025, y: 0.362777, z: 0.030701 })
INFO  ch.cypherchecker.common.GlobalState - CREATE (Nl:yn {M:point({ x: 0.677429, y: 0.500196 })}), (ON:BfbWux {B:"~14a\nr"}), (dHbpEk:dn8Fq {bVW:point({ x: 0.146038, y: 0.622958, z: 0.420617 }), yK:date('05221105')}), (Nl)-[n:ePt {vY:time('14'), k:Nl.M}]->(dHbpEk), (Nl)-[GuRP:g {zM_:0.9089002013206482}]->(Nl), (ON)-[kHR:y6BmQ {FF9P5Xul:dHbpEk.L}]->(ON) RETURN * ORDER BY dHbpEk, kHR.FF9P5Xul DESC , GuRP.zM_ , Nl.M DESCENDING , n.k  LIMIT 6904393682830275765
INFO  ch.cypherchecker.common.GlobalState - MATCH (n:dn8Fq) WHERE (toUpper("%9WEJR\n")=~left("cf9dF.^C",0o411033214015611546775)) IS NOT NULL DELETE n RETURN n.bVW AS fjvQ3  LIMIT 3254644061738320381
INFO  ch.cypherchecker.common.GlobalState - MATCH (n:yn) WHERE isEmpty((("I")+("e7"))+(+(0x48ae368d9237a992))) DELETE n
INFO  ch.cypherchecker.common.GlobalState - CREATE (kF7t:BfbWux {B:rTrim((toStringOrNull(")"))+(right("SW",0x48e48952c824a990))), fuJ:(-((-(0.437899112701416))-((0x3256c02cc59491d9)+(0.6199748516082764))))/(sign(+(0o674765757710120660744)))}), (u:yn {M:point({ x: 0.454280, y: 0.689680 })}), (y:yn {M:point({ x: 0.901941, y: 0.851642, z: 0.201161 })}), (kF7t)-[iajel1G:g {pEIxL:point({ x: 0.790012, y: 0.671083 })}]->(u), (kF7t)-[l84_J:ePt {vY:time('2149'), k:iajel1G.pEIxL}]->(kF7t), (y)-[OO4wi:y6BmQ {FF9P5Xul:-6037104232846678674}]->(u), (y)-[nd5e_jHo:y6BmQ {FF9P5Xul:OO4wi.FF9P5Xul}]->(kF7t)
INFO  ch.cypherchecker.common.GlobalState - MATCH (n:BfbWux) WHERE n.B=~toLower(n.B) SET n.B = "," RETURN *
INFO  ch.cypherchecker.common.GlobalState - MATCH (n:rE6) WHERE n.bCRX=~(toUpper("V"))+(n.ce1xNY) SET n.D1Vp = -0o232504332374524313357
INFO  ch.cypherchecker.common.GlobalState - CREATE (eg49q5Zt:dn8Fq {yK:date('03641121')}), (hGh:rE6 {ce1xNY:+(e())}), (hGh)-[k8:y6BmQ {FF9P5Xul:hGh.D1Vp}]->(eg49q5Zt), (eg49q5Zt)-[bbitb:g {zM_:0.5756849646568298}]->(eg49q5Zt) RETURN *  LIMIT 3204875250933260118
INFO  ch.cypherchecker.common.GlobalState - MATCH (n:BfbWux) WHERE (duration.inDays(date('0208-11-24'),date('09960211')))<(duration.inMonths(date('05991228'),date('0001-11-05'))) SET n.B = "B"
INFO  ch.cypherchecker.common.GlobalState - SHOW PROCEDURE
INFO  ch.cypherchecker.common.GlobalState - CREATE INDEX R0 IF NOT EXISTS FOR (n:r) ON (n.t, n.N8)
INFO  ch.cypherchecker.common.GlobalState - CREATE RANGE INDEX a IF NOT EXISTS FOR ()-[n:g]-() ON (n.pEIxL, n.zM_)
INFO  ch.cypherchecker.common.GlobalState - CREATE (A:rE6 {ce1xNY:point.distance(point({ x: 0.934266, y: 0.506813 }),point({ x: 0.503796, y: 0.406222 })), D1Vp:-8391184674182453450}), (j:dn8Fq {yK:date('0596-09-14')}), (d:r {t:time('174424,881704433'), N8:A.D1Vp}), (A)-[sz180kZSs:g {pEIxL:point({ x: 0.002811, y: 0.906679 })}]->(A), (A)-[N:ePt {k:j.bVW}]->(d), (A)-[V3Qgiox2s:g {pEIxL:point({ x: 0.192269, y: 0.293931 })}]->(j), (j)-[J:ePt {k:sz180kZSs.pEIxL}]->(A), (j)-[c:y6BmQ {FF9P5Xul:0o430547447325234701073}]->(j) RETURN V3Qgiox2s , A , d.N8 AS bz , sz180kZSs , N ORDER BY A.w , sz180kZSs.pEIxL
INFO  ch.cypherchecker.common.GlobalState - SHOW TRANSACTION
INFO  ch.cypherchecker.common.GlobalState - DROP INDEX a IF EXISTS
INFO  ch.cypherchecker.common.GlobalState - MATCH (n:BfbWux) WHERE toBooleanOrNull(date('07210616')) DELETE n RETURN n AS hIm ORDER BY n DESCENDING  LIMIT 8540175134705471411
INFO  ch.cypherchecker.common.GlobalState - MATCH (n:rE6) WHERE n.w DELETE n
INFO  ch.cypherchecker.common.GlobalState - SHOW TRANSACTION
INFO  ch.cypherchecker.common.GlobalState - CREATE (V:yn {M:point({ x: 0.474767, y: 0.727222 })})
INFO  ch.cypherchecker.common.GlobalState - CREATE INDEX Ac6nMVLn IF NOT EXISTS FOR ()-[n:y6BmQ]-() ON (n.FF9P5Xul)
INFO  ch.cypherchecker.common.GlobalState - CREATE (q0fXxs:yn {M:point({ x: 0.000000, y: 0.404775, z: 0.806398 })}), (CdRQmD:r {t:time('06'), N8:1922646918254743424}), (osG0xv1e:BfbWux {B:toStringOrNull((CdRQmD.t) IS NOT NULL), fuJ:0.7017796635627747}), (S:BfbWux {B:"", fuJ:0.2364121675491333}), (S)-[j:g {pEIxL:q0fXxs.M, zM_:((S.fuJ)^((CdRQmD.N8)*(CdRQmD.N8)))-(-((log(0.8027564883232117))/(size(S.B))))}]->(q0fXxs), (S)-[tK:ePt {vY:time('200048.556264385')}]->(CdRQmD), (S)-[Pxb4y2O:y6BmQ {FF9P5Xul:0x391ccdea1b9a5e3c}]->(osG0xv1e), (q0fXxs)-[B:g {pEIxL:point({ x: 0.141569, y: 0.526107 }), zM_:0.6564057469367981}]->(q0fXxs), (CdRQmD)-[Yb:y6BmQ {FF9P5Xul:CdRQmD.N8}]->(q0fXxs), (CdRQmD)-[Iz:g {zM_:0.8666782975196838}]->(CdRQmD), (osG0xv1e)-[o:y6BmQ {FF9P5Xul:(Yb.FF9P5Xul)-(Pxb4y2O.FF9P5Xul)}]->(S)
INFO  ch.cypherchecker.common.GlobalState - CREATE (ek8LincV:BfbWux {B:(left(left("&[",-0x66c514670844898f),size("")))+((point.distance(point({ x: 0.864967, y: 0.246389, z: 0.405107 }),point({ x: 0.749394, y: 0.869587, z: 0.225741 })))*(-(toFloatOrNull(time('21'))))), fuJ:(log10(+(8148923736683948253)))/(e())}), (p1:dn8Fq {yK:date('09940211'), L:+(-(((6581961828724397790)*(-4914895746954455653))+((6400834946390902234)*(0o501535032517703422263))))}), (Deq:dn8Fq {yK:p1.yK, bVW:point({ x: 0.642389, y: 0.418929, z: 0.928293 }), L:toInteger(ek8LincV.fuJ)}), (Kd:BfbWux {B:(ek8LincV.B)+(replace((ek8LincV.B)+(p1.L),ek8LincV.B,ek8LincV.B))}), (jZSNZ_Ng:dn8Fq {yK:date('0079-12-11'), bVW:point({ x: 0.413843, y: 0.606185, z: 0.615255 })}), (p1)-[klx:ePt {k:point({ x: 0.539516, y: 0.806618 })}]->(p1), (p1)-[x:ePt {vY:time('05')}]->(Deq), (p1)-[Va:g {zM_:0.9676228761672974}]->(ek8LincV), (p1)-[c:y6BmQ {FF9P5Xul:+(jZSNZ_Ng.L)}]->(Kd), (ek8LincV)-[bY:ePt {k:p1.bVW}]->(p1), (ek8LincV)-[gQFQY5RI:g {pEIxL:point({ x: 0.000000, y: 0.104099 }), zM_:0.635871171951294}]->(Kd), (Kd)-[U5KzKMvJUy:y6BmQ {FF9P5Xul:5812495937546456135}]->(p1), (Kd)-[YZ5YFOv:ePt {vY:x.vY, k:point({ x: 0.982835, y: 0.048972, z: 0.568115 })}]->(jZSNZ_Ng), (jZSNZ_Ng)-[en:y6BmQ {FF9P5Xul:-0o705676331001146224603}]->(jZSNZ_Ng)
INFO  ch.cypherchecker.common.GlobalState - CREATE (b0C:BfbWux {B:left((("t\\K9\\")+(0.047728002071380615))+(("{!1")+(0o134452322507602565037)),abs(-0o663126012331250513774)), fuJ:0.15076279640197754}), (PKja:BfbWux {B:b0C.B, fuJ:0.13777750730514526}), (QZncZJwYM:BfbWux {B:toLower(PKja.B)}), (PAlL:r {t:time('20'), N8:+((-0o46305537545622572257)/(size(QZncZJwYM.B)))}), (uPRL:r {t:PAlL.t}), (uPRL)-[ynDiPF:y6BmQ {FF9P5Xul:0x763853f5f471a779}]->(uPRL), (uPRL)-[x:g {pEIxL:point({ x: 0.628766, y: 0.898658 }), zM_:b0C.fuJ}]->(b0C), (uPRL)-[svx:y6BmQ {FF9P5Xul:0o346211163603027730615}]->(PAlL), (uPRL)-[P:y6BmQ {FF9P5Xul:-7794682168476957801}]->(PKja), (uPRL)-[kRbo:g {pEIxL:point({ x: 0.404345, y: 0.436565 }), zM_:0.026058673858642578}]->(QZncZJwYM), (b0C)-[v589k:ePt {vY:time('17:54'), k:x.pEIxL}]->(b0C), (b0C)-[kB:y6BmQ {FF9P5Xul:0x7d9ea7aef3eb829d}]->(PAlL), (PAlL)-[d:ePt {vY:time('21'), k:point({ x: 0.117092, y: 0.775157, z: 0.525239 })}]->(uPRL), (PAlL)-[E:y6BmQ {FF9P5Xul:0o703065565512451657664}]->(PAlL), (PKja)-[Y:y6BmQ {FF9P5Xul:ynDiPF.FF9P5Xul}]->(uPRL), (PKja)-[ba6:ePt {k:point({ x: 0.192178, y: 0.646052, z: 0.118031 })}]->(PAlL), (PKja)-[f:ePt {vY:time('090937.456332848'), k:point({ x: 0.148530, y: 0.289714 })}]->(PKja), (QZncZJwYM)-[ge:y6BmQ {FF9P5Xul:-0x2598d3268daf8398}]->(uPRL), (QZncZJwYM)-[F6pA:y6BmQ {FF9P5Xul:0o626520026726411171673}]->(b0C), (QZncZJwYM)-[u:ePt {vY:time('07'), k:point({ x: 0.378696, y: 0.356930, z: 0.574789 })}]->(QZncZJwYM)
INFO  ch.cypherchecker.common.GlobalState - CREATE (Up3Hw:BfbWux {B:substring(toUpper(""),toInteger("4!"),toIntegerOrNull(false)), fuJ:0.006350517272949219}), (Up3Hw)-[gCNR:ePt {vY:time('181001')}]->(Up3Hw) RETURN DISTINCT Up3Hw.fuJ AS gc , gCNR.vY AS AA
INFO  ch.cypherchecker.common.GlobalState - CREATE (t8oKkSTJ:r {N8:-((size("L1piE1QcD"))%(-((0x6bc7e363d4fdaa04)%(0o361650114451700364262))))}), (K4H:r {t:time('22'), N8:toInteger(substring("V",-0x1a1365fa4dfced0c,t8oKkSTJ.N8))}), (K4H)-[Tlg:g {zM_:(abs(K4H.N8))/(-(+((0.5450055599212646)/(0.2418004870414734))))}]->(K4H)
INFO  ch.cypherchecker.common.GlobalState - CREATE (cHD:rE6 {ce1xNY:0.5089396834373474, D1Vp:-0o76030566107042466264, bCRX:(right(replace("","X\\Vhg","uW("),+(-0x3f63bed9e723c509)))+(e())}), (N9k8Okf:dn8Fq {L:0x7043d3c67589f9c4}), (Oae2g:r {t:time('15:03')}), (v52:dn8Fq {L:(cHD.D1Vp)%(sign(N9k8Okf.L))}), (v52)-[NGM:y6BmQ {FF9P5Xul:-((v52.L)%(Oae2g.N8))}]->(N9k8Okf), (v52)-[Em:y6BmQ {FF9P5Xul:4924930885381824155}]->(cHD), (v52)-[JZTwGVJ:ePt {vY:time('20:08:56,49350419')}]->(Oae2g), (N9k8Okf)-[g:ePt {vY:time('00:39')}]->(cHD), (N9k8Okf)-[nBh:ePt {vY:time('0356')}]->(Oae2g), (cHD)-[k:y6BmQ {FF9P5Xul:0x42c4a74627ff0860}]->(cHD), (cHD)-[j:ePt {k:point({ x: 0.073886, y: 0.427174, z: 0.860137 })}]->(Oae2g), (Oae2g)-[sT7:g {pEIxL:point({ x: 0.324545, y: 0.784395 }), zM_:+(cHD.ce1xNY)}]->(v52), (Oae2g)-[OBBX:y6BmQ {FF9P5Xul:v52.L}]->(N9k8Okf), (Oae2g)-[k7ujgr:ePt {vY:JZTwGVJ.vY, k:point({ x: 0.248685, y: 0.965670 })}]->(cHD), (Oae2g)-[oQkz:y6BmQ {FF9P5Xul:-1775534191645453173}]->(Oae2g) RETURN *  LIMIT 9223372036854775807
INFO  ch.cypherchecker.common.GlobalState - CREATE (Yh:rE6 {ce1xNY:(toFloatOrNull(duration.inDays(null,date('0544-12-07'))))/(-((sqrt(0x4003a46da7f4b8db))/(-(-0o11577011553030750667)))), w:((("Ki{>C\r")+(-0o103043567116453670634))+(("")+(", bnm2p")))+((+(0o360214310546647725403))+(abs(0.437588095664978)))=~substring(toStringOrNull(false),(-0x66d1c73bf3243c3d)-(-0o472205300400762517455),-(-5186530043076497075)), D1Vp:-0x5b20d4b435127737, bCRX:"OI"})
INFO  ch.cypherchecker.common.GlobalState - CREATE (N:BfbWux {fuJ:(((-(0.5360318422317505))*(+(1241350467966599836)))^(-((0.2906765341758728)-(0.8185180425643921))))+(+((+(-0o407336657305630625774))/(-(-3918568756678033727))))})
INFO  ch.cypherchecker.common.GlobalState - MATCH (n:BfbWux) WHERE ((((n.B)STARTS WITH(trim(n.B)))<(right("/",-0xe16ad8d6939f791)=~"z9r"))OR((null)<(time('08:52'))))AND((n.fuJ) IS NULL) DETACH DELETE n
INFO  ch.cypherchecker.common.GlobalState - MATCH (n:dn8Fq) WHERE (duration.inDays(n.yK,n.yK))<>(duration.inSeconds(n.yK,n.yK)) DELETE n RETURN n ORDER BY n DESC
INFO  ch.cypherchecker.common.GlobalState - MATCH (n:dn8Fq) WHERE (right(("z")+(-8096184996402975313),n.L))STARTS WITH((left("W",-0o1))+((toLower("\r!tK"))+(toUpper("W")))) SET n.bVW = point({ x: 0.599375, y: 0.977018, z: 0.940128 })
INFO  ch.cypherchecker.common.GlobalState - MATCH (n:yn) WHERE toBoolean(isNaN(0.05984073877334595)) REMOVE n.M
INFO  ch.cypherchecker.common.GlobalState - DROP INDEX index_343aff4e
INFO  ch.cypherchecker.common.GlobalState - CREATE (baYt:r {t:time('05'), N8:+(((-(0o674243607232274764443))%(size("U")))-(toInteger(true)))}), (X:r {t:time('17:33')}), (jb:r {t:time('20')}), (baYt)-[kLA7kh:y6BmQ {FF9P5Xul:-0o417230427100554521363}]->(jb), (X)-[O:g {pEIxL:null, zM_:0.3380868434906006}]->(baYt), (X)-[C6Wvdsn:ePt {vY:time('16'), k:point({ x: 0.631238, y: 0.081585, z: 0.799183 })}]->(X), (jb)-[GZDXPbW:ePt {vY:X.t}]->(baYt), (jb)-[x0:g {pEIxL:point({ x: 0.780553, y: 0.935441 }), zM_:0.7186968326568604}]->(jb) RETURN DISTINCT baYt.t AS z , C6Wvdsn , kLA7kh , GZDXPbW.k , X.t , O ORDER BY GZDXPbW.k DESC , C6Wvdsn DESCENDING , kLA7kh DESC  LIMIT 8179031279120638914
INFO  ch.cypherchecker.common.GlobalState - DROP INDEX Ac6nMVLn IF EXISTS
INFO  ch.cypherchecker.common.GlobalState - CREATE (ob1:dn8Fq {bVW:point({ x: 0.672250, y: 0.366693 }), yK:date('0968-06-15'), L:-640386286050735687}), (e:r {N8:-7845888712504352405}), (HI:BfbWux {B:toStringOrNull(time('07:24')), fuJ:0.22911274433135986}), (HI)-[tt:g {pEIxL:point({ x: 0.859943, y: 0.014787 }), zM_:0.6407752633094788}]->(HI), (HI)-[HBU:ePt {vY:time('15:33:45')}]->(e), (HI)-[AjcpBaJ7y:y6BmQ {FF9P5Xul:(ob1.L)/((e.N8)-(ob1.L))}]->(ob1), (ob1)-[JoJj:y6BmQ {FF9P5Xul:AjcpBaJ7y.FF9P5Xul}]->(HI), (ob1)-[VW6Znv:y6BmQ {FF9P5Xul:0x208aee4ef023815e}]->(ob1) RETURN DISTINCT HI , AjcpBaJ7y.FF9P5Xul AS dp , e , VW6Znv.FF9P5Xul AS z ORDER BY VW6Znv.FF9P5Xul , e DESC , AjcpBaJ7y.FF9P5Xul  LIMIT 2424935862446921710
INFO  ch.cypherchecker.common.GlobalState - CREATE (plWpk:dn8Fq {yK:date('06050824')}), (Yyuosi:rE6 {ce1xNY:(plWpk.L)^((exp(266521247098278171))+(plWpk.L)), w:isEmpty((toLower(""))+(-(0.03466081619262695))), D1Vp:0o112237623234262730416, bCRX:"_c"}), (Yyuosi)-[Pd7:y6BmQ {FF9P5Xul:-8164261329225927110}]->(plWpk)
INFO  ch.cypherchecker.common.GlobalState - MATCH (n:dn8Fq) WHERE ((("Avi8+?h")+(n.L)=~("l<]P\\zP")+(0.4447782039642334))>=((("")>=("<"))<(NOT(true))))XOR((rTrim(""))ENDS WITH((toString(n.bVW))+(toInteger(0.8917539119720459)))) REMOVE n.yK RETURN *  LIMIT 4051927127767802394
INFO  ch.cypherchecker.common.GlobalState - CREATE (Asd:rE6 {w:(((toString("VAR"))+((0o664464546732631437677)-(-0o626133146645646047667)))+((abs(0o347571264150571526731))*(sign(0.6463993787765503)))) IS NOT NULL})
INFO  ch.cypherchecker.common.GlobalState - CREATE (Sp5Ty7KWa:BfbWux {B:"I"}), (n:yn {M:point({ x: 0.715155, y: 0.608030 })}), (AH:yn {M:n.M}), (xhgz:dn8Fq {yK:date('07340618')}), (Sp5Ty7KWa)-[DsU:g {pEIxL:point({ x: 0.614237, y: 0.689227, z: 0.156869 })}]->(n), (AH)-[fKw:ePt {vY:time('0035')}]->(Sp5Ty7KWa), (AH)-[P:g {pEIxL:n.M, zM_:e()}]->(AH), (AH)-[Lq:ePt {k:point({ x: 0.414703, y: 0.727344, z: 0.024584 })}]->(xhgz), (AH)-[oznlcN:ePt {k:point({ x: 0.526421, y: 0.427834 })}]->(n), (xhgz)-[Znc3GElW:y6BmQ {FF9P5Xul:-7677925273021055254}]->(n), (n)-[R:y6BmQ {FF9P5Xul:((xhgz.L)/(Znc3GElW.FF9P5Xul))%((+(xhgz.L))-(xhgz.L))}]->(Sp5Ty7KWa), (n)-[mf:g {pEIxL:point({ x: 0.157253, y: -0.000000 }), zM_:0.4692017436027527}]->(xhgz), (n)-[zRQAv:ePt {vY:time('17:05')}]->(n)
INFO  ch.cypherchecker.common.GlobalState - CREATE (JM9:yn {M:point({ x: 0.584035, y: 0.415111 })}), (nbHr:BfbWux {B:toString(((0x3974fed4bce120d3)%(-8748151169661813031))%(-(0xefcbb2dcce2efd8))), fuJ:(+(log(0.637507975101471)))-(toIntegerOrNull(time('1423')))}), (JM9)-[cmxIuqzafx:g {pEIxL:point({ x: 0.772860, y: 0.506755, z: 0.486077 })}]->(JM9), (JM9)-[geo9_e:ePt {vY:time('16')}]->(nbHr), (nbHr)-[m4:y6BmQ {FF9P5Xul:0x179f7e8cb7341419}]->(nbHr) RETURN *  LIMIT 7973300412380477265
INFO  ch.cypherchecker.common.GlobalState - CREATE (HQF96Q_:dn8Fq {bVW:point({ x: 0.462348, y: 0.241696, z: 0.717508 }), yK:date('0645-05-21'), L:-0x59f6b47c61c37655}), (HR:dn8Fq {yK:date('0181-07-08')}), (sZ:rE6 {ce1xNY:log(HR.L), w:((((((-(0.3590448498725891))/(sqrt(HR.L))) IS NOT NULL)XOR(((+(-0x10654eed4e43fc98))+(+(HQF96Q_.L)))>=(-(-(0o500332536216234660750)))))XOR((toFloatOrNull(HR.yK)) IS NULL))AND((log(0o0)) IS NOT NULL))AND(((((duration.inMonths(HQF96Q_.yK,HR.yK)) IS NULL)AND((HQF96Q_.yK) IS NULL))XOR(("^")+("mm3I'GC")=~toLower("")))AND(((((false)XOR(false))OR(false))AND(("*j+(b")CONTAINS("")))XOR((((false)AND(false))AND(true))XOR(true)))), D1Vp:HQF96Q_.L}), (k:rE6 {bCRX:toUpper(trim(""))}), (HQF96Q_)-[AbS:g {pEIxL:point({ x: 0.634238, y: 0.244681 }), zM_:0.7257248163223267}]->(k), (HR)-[e:g {pEIxL:HR.bVW, zM_:0.47021299600601196}]->(sZ), (HR)-[sl:ePt {vY:time('12:33'), k:point({ x: 0.165099, y: 0.806615, z: 0.256088 })}]->(HR), (k)-[QWtDTPfO5Y:y6BmQ {FF9P5Xul:(k.D1Vp)%(HQF96Q_.L)}]->(sZ), (k)-[PmY:g {zM_:sZ.ce1xNY}]->(HR), (k)-[gV8:g {zM_:PmY.zM_}]->(k) RETURN *  LIMIT 161646796156016829
INFO  ch.cypherchecker.common.GlobalState - MATCH (n:dn8Fq) WHERE (substring(("D<w9")+(0.3620668053627014),(-0o7203420204120043253)+(n.L),n.L))ENDS WITH((rTrim("S4"))+(sign(-6760274642903147784))) DELETE n RETURN * ORDER BY n.yK
INFO  ch.cypherchecker.common.GlobalState - MATCH (n:rE6) WHERE n.w DELETE n RETURN n.bCRX AS Rt9ExOoqy ORDER BY n.D1Vp
INFO  ch.cypherchecker.common.GlobalState - CREATE (nl:BfbWux {B:"a1"}), (m1RjKKMD:BfbWux {B:""}), (rW:r {N8:size(m1RjKKMD.B)}), (m1RjKKMD)-[B8k038:y6BmQ {FF9P5Xul:rW.N8}]->(m1RjKKMD), (m1RjKKMD)-[u:y6BmQ {FF9P5Xul:B8k038.FF9P5Xul}]->(rW), (m1RjKKMD)-[blo9NZM05:y6BmQ {FF9P5Xul:-2027653143938742529}]->(nl), (rW)-[hAMwG:y6BmQ {FF9P5Xul:+(u.FF9P5Xul)}]->(m1RjKKMD), (nl)-[TV9:y6BmQ {FF9P5Xul:0o675170617642636175336}]->(nl) RETURN DISTINCT nl ORDER BY nl
INFO  ch.cypherchecker.common.GlobalState - CREATE (ZI:yn {M:point({ x: 0.862269, y: 0.802836 })}), (ZI)-[jZ:ePt {vY:time('07'), k:ZI.M}]->(ZI) RETURN *  LIMIT 7281098664271313410
INFO  ch.cypherchecker.common.GlobalState - CREATE (G:r {t:time('200501')}) RETURN G  LIMIT 6529727925620766767
INFO  ch.cypherchecker.common.GlobalState - SHOW PROCEDURE
INFO  ch.cypherchecker.common.GlobalState - CREATE (QtxqAp3R:yn {M:point({ x: 0.201433, y: 0.531949 })}), (CG:r {t:time('19'), N8:(+(toInteger(0.9054751992225647)))/((toIntegerOrNull(time('183031')))+(+(-(-5420312703323979107))))}), (HgydW8PptK:r {t:time('20'), N8:toInteger(CG.N8)}), (CG)-[HeZ:y6BmQ {FF9P5Xul:(HgydW8PptK.N8)/(-((+(CG.N8))+((HgydW8PptK.N8)/(0o62415525375230247471))))}]->(CG), (CG)-[Nhfet:g {pEIxL:point({ x: 0.823274, y: 0.452965, z: 0.066650 }), zM_:0.06525290012359619}]->(QtxqAp3R), (QtxqAp3R)-[x:y6BmQ {FF9P5Xul:+(HgydW8PptK.N8)}]->(QtxqAp3R), (QtxqAp3R)-[Bfg:g {pEIxL:point({ x: 0.664327, y: 0.661149 }), zM_:0.7378599643707275}]->(HgydW8PptK), (HgydW8PptK)-[EsoI:g {zM_:Bfg.zM_}]->(CG), (HgydW8PptK)-[P:g {zM_:exp((Bfg.zM_)%(-(-0o215404550033106646740)))}]->(QtxqAp3R) RETURN *  LIMIT 815988151896859000
INFO  ch.cypherchecker.common.GlobalState - CREATE (lJmPQL:r {t:time('10'), N8:abs(+(abs(0x297d3e9c11c666b2)))}), (w0:dn8Fq {bVW:point({ x: -0.000000, y: 0.672951, z: 0.431869 })}), (kDF:rE6 {D1Vp:0x37939879aba1126f, bCRX:""}), (BzIcq:yn {M:w0.bVW}), (a0s:dn8Fq {bVW:point({ x: 0.894389, y: 0.240543, z: 0.664988 }), L:toIntegerOrNull(time('07:16'))}), (BzIcq)-[UK:g {zM_:kDF.ce1xNY}]->(kDF), (a0s)-[xwlsMjfQ:g {zM_:kDF.ce1xNY}]->(BzIcq), (a0s)-[z:y6BmQ {FF9P5Xul:0o204057425445154643541}]->(w0), (w0)-[P8P:ePt {vY:time('17:15:22'), k:point({ x: 0.649335, y: 0.054040, z: 0.443415 })}]->(kDF), (lJmPQL)-[aL:y6BmQ {FF9P5Xul:0x2be9ea34ef445b45}]->(BzIcq), (lJmPQL)-[xzawORAZ:ePt {k:point({ x: 0.557593, y: 0.109758, z: 0.303736 })}]->(a0s), (lJmPQL)-[R1:g {pEIxL:point({ x: 0.765007, y: 0.722147, z: 0.008360 }), zM_:+(xwlsMjfQ.zM_)}]->(w0), (lJmPQL)-[INrbL:ePt {vY:time('202654'), k:w0.bVW}]->(kDF), (kDF)-[cgnhA:g {pEIxL:point({ x: 0.102956, y: 0.505312 })}]->(a0s), (kDF)-[k0:g {pEIxL:point({ x: 0.933198, y: 0.637145, z: 0.918686 }), zM_:UK.zM_}]->(lJmPQL)
INFO  ch.cypherchecker.common.GlobalState - CREATE (Nnglj:BfbWux {B:toStringOrNull(point({ x: 0.382556, y: 0.875330, z: 0.203395 })), fuJ:0.812278687953949}), (k1_:dn8Fq {bVW:point({ x: 0.192718, y: 0.198906, z: 0.382731 }), yK:date('03210309'), L:toInteger(Nnglj.fuJ)}), (NYEeofJb:r {t:time('1350'), N8:0o333616746156113504403}), (k1_)-[KZhI8f8GXE:g {zM_:Nnglj.fuJ}]->(Nnglj), (k1_)-[K1:ePt {vY:time('13:29'), k:point({ x: 0.917154, y: 0.524134 })}]->(NYEeofJb), (Nnglj)-[ix:y6BmQ {FF9P5Xul:-0x78cb74065a95f4be}]->(Nnglj), (Nnglj)-[E:ePt {vY:time('10'), k:point({ x: 0.943019, y: 0.309011, z: 0.036017 })}]->(NYEeofJb), (NYEeofJb)-[ZySi:g {pEIxL:point({ x: 0.931384, y: 0.592979, z: 0.953046 }), zM_:0.6700374484062195}]->(Nnglj), (NYEeofJb)-[f:g {pEIxL:null}]->(NYEeofJb)
INFO  ch.cypherchecker.common.GlobalState - SHOW BUILT IN FUNCTION
INFO  ch.cypherchecker.common.GlobalState - MATCH (n:BfbWux) WHERE (((time('04:47:45,67913805'))<(time('01:54')))OR((date('0878-01-31')) IS NULL))XOR(NOT(NOT(NOT(false)))) SET n.B = "v4E+v\\" RETURN n ORDER BY n.fuJ  LIMIT 7414965825261346838
INFO  ch.cypherchecker.common.GlobalState - CREATE RANGE INDEX KonN6z FOR (n:yn) ON (n.M)
INFO  ch.cypherchecker.common.GlobalState - MATCH (n:rE6) WHERE (point({ x: 0.743867, y: 0.782850, z: 0.043913 })) IS NULL REMOVE n.ce1xNY
INFO  ch.cypherchecker.common.GlobalState - CREATE INDEX c4e2Vnm FOR (n:rE6) ON (n.w, n.bCRX)
INFO  ch.cypherchecker.common.GlobalState - MATCH (n:r) WHERE "!-H"=~(replace("K","e","c*}"))+(toString(NaN)) REMOVE n.t
INFO  ch.cypherchecker.common.GlobalState - MATCH (n:yn) RETURN n
INFO  ch.cypherchecker.common.GlobalState - MATCH (n:yn) WHERE ((substring("6Z{",-0x110f0cea599a2ca,-0o431076153225164730315))+((trim(""))+(size(""))))ENDS WITH(((("")+(0.975005030632019))+((-0x42812466fcde6d06)+(-0o646405514315310644317)))+(abs(0x5dcd8f7045bfb85e))) RETURN n
INFO  ch.cypherchecker.common.GlobalState - MATCH (n:yn) WHERE (replace("i","V*Y}",""))+(-(toInteger(0o336030676222512706134)))=~((toLower("\rEMtV4<"))+(("[*8P*")+(0.7883989214897156)))+((+(0.9420396089553833))/(toFloat(0.3627409338951111))) RETURN n
INFO  ch.cypherchecker.common.GlobalState - MATCH (n:yn) WHERE (((substring("6Z{",-0x110f0cea599a2ca,-0o431076153225164730315))+((trim(""))+(size(""))))ENDS WITH(((("")+(0.975005030632019))+((-0x42812466fcde6d06)+(-0o646405514315310644317)))+(abs(0x5dcd8f7045bfb85e)))) AND ((replace("i","V*Y}",""))+(-(toInteger(0o336030676222512706134)))=~((toLower("\rEMtV4<"))+(("[*8P*")+(0.7883989214897156)))+((+(0.9420396089553833))/(toFloat(0.3627409338951111)))) RETURN n
INFO  ch.cypherchecker.common.GlobalState - MATCH (n:dn8Fq) RETURN n
INFO  ch.cypherchecker.common.GlobalState - MATCH (n:dn8Fq) WHERE (duration.inMonths(n.yK,date('02490414'))) IS NULL RETURN n
INFO  ch.cypherchecker.common.GlobalState - MATCH (n:dn8Fq) WHERE isNaN(+(+(0.4418293237686157))) RETURN n
INFO  ch.cypherchecker.common.GlobalState - MATCH (n:dn8Fq) WHERE ((duration.inMonths(n.yK,date('02490414'))) IS NULL) AND (isNaN(+(+(0.4418293237686157)))) RETURN n
INFO  ch.cypherchecker.common.GlobalState - MATCH (n:r) RETURN n
INFO  ch.cypherchecker.common.GlobalState - MATCH (n:r) WHERE NOT((-(n.N8)) IS NOT NULL) RETURN n
INFO  ch.cypherchecker.common.GlobalState - MATCH (n:r) WHERE (((((toStringOrNull(n.t))STARTS WITH((("I*")+(0x273bbfb5f15d13a2))+((0.28729575872421265)*(0.35766226053237915))))AND((date('06051110')) IS NULL))AND((point({ x: 0.597767, y: 0.102473 }))<>(point({ x: 0.675897, y: 0.274459, z: 0.291868 }))))XOR(NOT((lTrim("("))CONTAINS(("")+(0.03661835193634033)))))AND(toUpper("2n")=~(("c/}v")+("eg"))+(toString(duration('P232882334Y1191510364MT2003707663H')))) RETURN n
INFO  ch.cypherchecker.common.GlobalState - MATCH (n:r) WHERE (NOT((-(n.N8)) IS NOT NULL)) AND ((((((toStringOrNull(n.t))STARTS WITH((("I*")+(0x273bbfb5f15d13a2))+((0.28729575872421265)*(0.35766226053237915))))AND((date('06051110')) IS NULL))AND((point({ x: 0.597767, y: 0.102473 }))<>(point({ x: 0.675897, y: 0.274459, z: 0.291868 }))))XOR(NOT((lTrim("("))CONTAINS(("")+(0.03661835193634033)))))AND(toUpper("2n")=~(("c/}v")+("eg"))+(toString(duration('P232882334Y1191510364MT2003707663H'))))) RETURN n
INFO  ch.cypherchecker.common.GlobalState - MATCH (n:yn) RETURN n
INFO  ch.cypherchecker.common.GlobalState - MATCH (n:yn) WHERE toBooleanOrNull(toStringOrNull(duration('P368159547M745541012W1038837401DT87569593M1089340980S'))) RETURN n
INFO  ch.cypherchecker.common.GlobalState - MATCH (n:yn) WHERE toStringOrNull(date('08030325'))=~toLower(lTrim("\\z")) RETURN n
INFO  ch.cypherchecker.common.GlobalState - MATCH (n:yn) WHERE (toBooleanOrNull(toStringOrNull(duration('P368159547M745541012W1038837401DT87569593M1089340980S')))) AND (toStringOrNull(date('08030325'))=~toLower(lTrim("\\z"))) RETURN n
INFO  ch.cypherchecker.common.GlobalState - MATCH (n:BfbWux) RETURN n
INFO  ch.cypherchecker.common.GlobalState - MATCH (n:BfbWux) WHERE (NOT(toBoolean(".")))=(toBoolean((time('12:49:15.566095873')) IS NOT NULL)) RETURN n
INFO  ch.cypherchecker.common.GlobalState - MATCH (n:BfbWux) WHERE (point({ x: 0.213227, y: 0.952582, z: 0.889544 })) IS NOT NULL RETURN n
INFO  ch.cypherchecker.common.GlobalState - MATCH (n:BfbWux) WHERE ((NOT(toBoolean(".")))=(toBoolean((time('12:49:15.566095873')) IS NOT NULL))) AND ((point({ x: 0.213227, y: 0.952582, z: 0.889544 })) IS NOT NULL) RETURN n
INFO  ch.cypherchecker.common.GlobalState - MATCH (n:r) RETURN n
INFO  ch.cypherchecker.common.GlobalState - MATCH (n:r) WHERE ((((n.N8) IS NOT NULL)XOR(((trim("u"))STARTS WITH(("(|")+("0"))) IS NULL))AND((date('02671101')) IS NOT NULL))OR(toBooleanOrNull((-0x27643058b84d8a57)*(n.N8))) RETURN n
INFO  ch.cypherchecker.common.GlobalState - MATCH (n:r) WHERE toBoolean((+(-0x98875ccd4c9daee))%(+(n.N8))) RETURN n
INFO  ch.cypherchecker.common.GlobalState - MATCH (n:r) WHERE (((((n.N8) IS NOT NULL)XOR(((trim("u"))STARTS WITH(("(|")+("0"))) IS NULL))AND((date('02671101')) IS NOT NULL))OR(toBooleanOrNull((-0x27643058b84d8a57)*(n.N8)))) AND (toBoolean((+(-0x98875ccd4c9daee))%(+(n.N8)))) RETURN n
INFO  ch.cypherchecker.common.GlobalState - java.lang.AssertionError: MATCH (n:r) WHERE (((((n.N8) IS NOT NULL)XOR(((trim("u"))STARTS WITH(("(|")+("0"))) IS NULL))AND((date('02671101')) IS NOT NULL))OR(toBooleanOrNull((-0x27643058b84d8a57)*(n.N8)))) AND (toBoolean((+(-0x98875ccd4c9daee))%(+(n.N8)))) RETURN n
	at ch.cypherchecker.neo4j.Neo4JQuery.checkException(Neo4JQuery.java:71)
	at ch.cypherchecker.neo4j.Neo4JQuery.executeAndGet(Neo4JQuery.java:54)
	at ch.cypherchecker.cypher.oracle.CypherNodeOracle.check(CypherNodeOracle.java:82)
	at ch.cypherchecker.Main.run(Main.java:129)
	at ch.cypherchecker.Main.main(Main.java:96)
Caused by: org.neo4j.graphdb.QueryExecutionException
	at org.neo4j.kernel.impl.query.QueryExecutionKernelException.asUserException(QueryExecutionKernelException.java:32)
	at org.neo4j.cypher.internal.javacompat.ResultSubscriber.converted(ResultSubscriber.java:355)
	at org.neo4j.cypher.internal.javacompat.ResultSubscriber.assertNoErrors(ResultSubscriber.java:342)
	at org.neo4j.cypher.internal.javacompat.ResultSubscriber.fetchResults(ResultSubscriber.java:311)
	at org.neo4j.cypher.internal.javacompat.ResultSubscriber.nextFromSubscriber(ResultSubscriber.java:286)
	at org.neo4j.cypher.internal.javacompat.ResultSubscriber.fetchNextOrNull(ResultSubscriber.java:262)
	at org.neo4j.cypher.internal.javacompat.ResultSubscriber.fetchNextOrNull(ResultSubscriber.java:57)
	at org.neo4j.internal.helpers.collection.PrefetchingIterator.peek(PrefetchingIterator.java:56)
	at org.neo4j.internal.helpers.collection.PrefetchingIterator.hasNext(PrefetchingIterator.java:44)
	at java.base/java.util.Iterator.forEachRemaining(Iterator.java:132)
	at java.base/java.util.Spliterators$IteratorSpliterator.forEachRemaining(Spliterators.java:1845)
	at java.base/java.util.stream.AbstractPipeline.copyInto(AbstractPipeline.java:509)
	at java.base/java.util.stream.AbstractPipeline.wrapAndCopyInto(AbstractPipeline.java:499)
	at java.base/java.util.stream.ReduceOps$ReduceOp.evaluateSequential(ReduceOps.java:921)
	at java.base/java.util.stream.AbstractPipeline.evaluate(AbstractPipeline.java:234)
	at java.base/java.util.stream.ReferencePipeline.collect(ReferencePipeline.java:682)
	at ch.cypherchecker.neo4j.Neo4JConnection.execute(Neo4JConnection.java:44)
	at ch.cypherchecker.neo4j.Neo4JQuery.executeAndGet(Neo4JQuery.java:52)
	... 3 more
Caused by: org.neo4j.kernel.impl.query.QueryExecutionKernelException
	... 20 more
Caused by: org.neo4j.exceptions.ArithmeticException
	at org.neo4j.cypher.operations.CypherMath.modulo(CypherMath.java:210)
	at org.neo4j.cypher.internal.runtime.interpreted.commands.expressions.Modulo.calc(Modulo.scala:27)
	at org.neo4j.cypher.internal.runtime.interpreted.commands.expressions.Arithmetics.applyWithValues(Expression.scala:86)
	at org.neo4j.cypher.internal.runtime.interpreted.commands.expressions.Arithmetics.apply(Expression.scala:80)
	at org.neo4j.cypher.internal.runtime.interpreted.commands.expressions.NullInNullOutExpression.apply(NullInNullOutExpression.scala:30)
	at org.neo4j.cypher.internal.runtime.interpreted.commands.predicates.CoercedPredicate.isMatch(Predicate.scala:720)
	at org.neo4j.cypher.internal.runtime.interpreted.commands.predicates.CompositeBooleanPredicate.$anonfun$isMatch$2(Predicate.scala:141)
	at scala.util.Try$.apply(Try.scala:210)
	at org.neo4j.cypher.internal.runtime.interpreted.commands.predicates.CompositeBooleanPredicate.$anonfun$isMatch$1(Predicate.scala:141)
	at org.neo4j.cypher.internal.util.NonEmptyList.foldLeftLoop(NonEmptyList.scala:282)
	at org.neo4j.cypher.internal.util.NonEmptyList.foldLeft(NonEmptyList.scala:202)
	at org.neo4j.cypher.internal.util.NonEmptyList.foldLeft$(NonEmptyList.scala:201)
	at org.neo4j.cypher.internal.util.Fby.foldLeft(NonEmptyList.scala:358)
	at org.neo4j.cypher.internal.runtime.interpreted.commands.predicates.CompositeBooleanPredicate.isMatch(Predicate.scala:136)
	at org.neo4j.cypher.internal.runtime.interpreted.commands.predicates.Predicate.apply(Predicate.scala:101)
	at org.neo4j.cypher.internal.runtime.interpreted.commands.predicates.Predicate.apply(Predicate.scala:98)
	at org.neo4j.cypher.internal.runtime.interpreted.pipes.FilterPipe.$anonfun$internalCreateResults$1(FilterPipe.scala:34)
	at org.neo4j.cypher.internal.runtime.interpreted.pipes.FilterPipe.$anonfun$internalCreateResults$1$adapted(FilterPipe.scala:34)
	at org.neo4j.cypher.internal.runtime.ClosingIterator$$anon$3.innerHasNext(ClosingIterator.scala:185)
	at org.neo4j.cypher.internal.runtime.ClosingIterator.hasNext(ClosingIterator.scala:135)
	at org.neo4j.cypher.internal.runtime.ClosingIterator$$anon$4.innerHasNext(ClosingIterator.scala:199)
	at org.neo4j.cypher.internal.runtime.ClosingIterator.hasNext(ClosingIterator.scala:135)
	at org.neo4j.cypher.internal.runtime.interpreted.PipeExecutionResult.serveResults(PipeExecutionResult.scala:93)
	at org.neo4j.cypher.internal.runtime.interpreted.PipeExecutionResult.request(PipeExecutionResult.scala:78)
	at org.neo4j.cypher.internal.result.StandardInternalExecutionResult.request(StandardInternalExecutionResult.scala:103)
	at org.neo4j.cypher.internal.result.ClosingExecutionResult.request(ClosingExecutionResult.scala:149)
	at org.neo4j.cypher.internal.javacompat.ResultSubscriber.fetchResults(ResultSubscriber.java:310)
	... 17 more
Caused by: java.lang.ArithmeticException
