INFO  ch.cypherchecker.common.GlobalState - CREATE (tr:F {ETXZE:date('09931106'), x2:duration('P1298379927M1228992560W1863833010DT1462518283M')})
INFO  ch.cypherchecker.common.GlobalState - CREATE (z:ogm {UvJ:time('06'), Wc:duration.inDays(date('0316-12-10'),date('04881205')), n:duration('P1066694965Y1825348109M103892252WT1554588198M')}), (R0s:ogm {UvJ:time('222640.940264148'), Wc:duration('P674856025Y1191380187M2029466340DT927933648H21564759S'), n:z.n}), (nDjd:g {fPktk:("<")+(log((4747211028090035825)/(-1480241961877402176)))}), (Bf9FXRGTv:g {fPktk:"^"}), (nDjd)-[W9cxv9T6n:Xk3m {DdrT3IG:"<eJ"}]->(R0s), (R0s)-[aLdnQdYnY:eu {oFNqyZr0:duration('P1412075220Y1785651151M1019240494W1020484734DT957662462H1477774405M')}]->(R0s), (z)-[jYHas:eu {WS6vBI:aLdnQdYnY.WS6vBI, oFNqyZr0:aLdnQdYnY.WS6vBI, L:W9cxv9T6n.DdrT3IG}]->(nDjd), (Bf9FXRGTv)-[KdJY9:eu {L:"!NY"}]->(R0s)
INFO  ch.cypherchecker.common.GlobalState - MATCH (n:iI) WHERE replace(("B<GTX")+(-0x5c9ced851df798a5),("QlwJl")+(-0x50186aed5c6969af),("NdDm5|O")+(-0x1f3745e6b0c06541))=~((("4x")+(-0o274465437754415550055))+(-(8883088518912392851)))+((left(".&",0x126024aa2a328ae5))+(-(0.6249352693557739))) DETACH DELETE n
INFO  ch.cypherchecker.common.GlobalState - CREATE (sHd:g {fPktk:"L"}) RETURN * ORDER BY sHd LIMIT 7598678972970114966
INFO  ch.cypherchecker.common.GlobalState - SHOW TRANSACTIONS
INFO  ch.cypherchecker.common.GlobalState - SHOW FUNCTION
INFO  ch.cypherchecker.common.GlobalState - SHOW TRANSACTION
INFO  ch.cypherchecker.common.GlobalState - CREATE (jR:Cx {e:time('18')}) RETURN DISTINCT jR.fiio5HvQ
INFO  ch.cypherchecker.common.GlobalState - MATCH (n:g) WHERE toBoolean(((("n\r23Ii[c"=~n.fPktk)AND(("%nN&O")STARTS WITH("C]")))AND((n.fPktk)STARTS WITH(n.fPktk)))XOR(((false)AND(false))OR(true))) SET n.fPktk = ((substring("}",0x14426872d9416cd8,0x428a343379bcf3b5))+(toInteger(0.7907804846763611)))+(toIntegerOrNull("N}"=~"\n&>[&\r"))
INFO  ch.cypherchecker.common.GlobalState - MATCH (n:g) WHERE n.fPktk=~toLower(reverse("Z\t")) SET n.fPktk = (left(("F")+("?M[|nM|L"),sign(8955336164324451680)))+(toUpper(("d\ryFOD")+(0.19145894050598145))) RETURN *  LIMIT 102088249566085305
INFO  ch.cypherchecker.common.GlobalState - CREATE TEXT INDEX dWwjVoEez IF NOT EXISTS FOR (n:g) ON (n.fPktk)
INFO  ch.cypherchecker.common.GlobalState - CREATE (br:iI {K:date('05361118')}), (mzH:iI {K:br.K}), (q:iI {K:date('00580815')}), (eGZp8a8jj5:Cx {SvY:duration.inMonths(q.K,date('0940-06-25')), fiio5HvQ:false}), (O0uoD:iI {K:q.K}), (q)-[kx:eu {WS6vBI:eGZp8a8jj5.SvY}]->(mzH), (eGZp8a8jj5)-[V4Um66pJJ:kvay {bCaZ_4NVt:duration('P1090893769M2092290650W'), J:false, j:0o743275540626670310132}]->(O0uoD), (O0uoD)-[TzMXzF:eu {oFNqyZr0:duration('P1158956899MT837364099S')}]->(q), (O0uoD)-[JU:kvay {bCaZ_4NVt:duration('P638506084MT616643465H1114500616S'), j:0x46e8e20fce1dceda}]->(eGZp8a8jj5), (O0uoD)-[WOb:eu {WS6vBI:TzMXzF.oFNqyZr0, oFNqyZr0:kx.oFNqyZr0, L:"S]\\g~Jg"}]->(mzH), (mzH)-[Im4S:kvay {X4a:point({ x: 0.847444, y: 0.415982, z: 0.075043 }), bCaZ_4NVt:WOb.WS6vBI, J:TzMXzF.L=~right(("k")+(0.4734036922454834),V4Um66pJJ.j)}]->(eGZp8a8jj5), (mzH)-[zRP_kex7:Xk3m {xzi:eGZp8a8jj5.e}]->(mzH) RETURN * ORDER BY q.K DESCENDING , Im4S, V4Um66pJJ.X4a , mzH, JU.X4a DESCENDING , zRP_kex7.xzi
INFO  ch.cypherchecker.common.GlobalState - MATCH (n:F) WHERE ((left(".][+F\nc]",-0x756be4998252ff10))+(((8215110257280099019)%(0x3baaafe70baf6ec2))+((-2534813392293547106)+(0x65225148a158007c))))CONTAINS(((substring("#UOaz)*",0o175767653344742432465,-1076955423799380198))+(-(0.03477334976196289)))+(abs(-0x779465b11b589ac))) SET n.x2 = duration('P1052274658Y2147483647M336802201DT1342825314M1431660675S') RETURN n.x2 AS gt3  LIMIT 6356113369707863234
INFO  ch.cypherchecker.common.GlobalState - MATCH (n:Cx) WHERE (toStringOrNull(duration('P823246543Y2125010965WT347258141S')))+(reverse("\rqV9"))=~(rTrim("F"))+(toUpper("QU<m")) SET n.e = time('081427') RETURN n AS f3e ORDER BY n
INFO  ch.cypherchecker.common.GlobalState - CREATE (XtMawOo70:Cx {e:time('152823,310918536'), SvY:duration.inSeconds(date('0777-10-12'),date('02721025')), fiio5HvQ:true}), (a6di:ogm {UvJ:time('18'), n:duration('P1481353223DT1640480265M')}), (v:g {fPktk:(toStringOrNull(XtMawOo70.e))+((((0x254e4e0ffc006cef)%(3602559142930009682))/((0o40070171452240376611)*(0x3897c5202bd03d06)))^(+(0.4988412857055664)))}), (yEpXCzPB:F {ETXZE:date('00080529')}), (XtMawOo70)-[yxozAgKqN:kvay {bCaZ_4NVt:duration('P823497172DT811087629H1531505575M'), j:0o642216654027422262275}]->(XtMawOo70), (a6di)-[RB:kvay {bCaZ_4NVt:duration('P390913859Y1349628959M658617779WT1527068966S'), J:yxozAgKqN.J}]->(XtMawOo70), (v)-[Jm5oHY0T:Xk3m {xzi:time('08:39'), DdrT3IG:""}]->(a6di), (v)-[tncF:eu {WS6vBI:RB.bCaZ_4NVt, oFNqyZr0:duration('P2059564374Y895063767M'), L:right(v.fPktk,(+(0x4017f96de91ca8c5))/(yxozAgKqN.j))}]->(v), (v)-[k:kvay {X4a:RB.X4a, bCaZ_4NVt:yEpXCzPB.x2}]->(yEpXCzPB), (yEpXCzPB)-[V1DL8We:eu {oFNqyZr0:duration('P1922800052W802326426DT1418655818S'), L:"(RI"}]->(a6di), (yEpXCzPB)-[tX:kvay {J:true}]->(v), (yEpXCzPB)-[aH:Xk3m {DdrT3IG:"<8", xzi:time('14')}]->(yEpXCzPB)
INFO  ch.cypherchecker.common.GlobalState - CREATE (VE9hQ:Cx {e:time('20'), SvY:duration('P905441365W929275294DT1113343690S'), fiio5HvQ:(toUpper(lTrim("")))CONTAINS(((left("\r",-0o115246757037312467021))+(e()))+("A_G"))}), (n:Cx {e:time('184227'), SvY:duration('P1556003494Y399782382M1564714138WT1216948286H240846418S'), fiio5HvQ:VE9hQ.fiio5HvQ}), (qJp2T:iI {K:date('0344-11-26')}), (qJp2T)-[W:Xk3m {DdrT3IG:(replace(("<r")+(-0x14c47389ac7f6832),("bSn")+(0.6548683643341064),replace("j?","W","ao")))+(sqrt((0x4b3d1c4de81e65f0)*(-0o706435515026764676564)))}]->(qJp2T), (qJp2T)-[GYZCSo9C:Xk3m {DdrT3IG:"&yb6I2"}]->(VE9hQ), (n)-[x:eu {oFNqyZr0:duration('P1175257365Y600997802W1592822685DT204045059H1115316604S'), L:"9hAi"}]->(qJp2T), (n)-[Qf68y:Xk3m {xzi:time('10')}]->(n), (n)-[T:eu {oFNqyZr0:VE9hQ.SvY, L:""}]->(VE9hQ), (VE9hQ)-[j4:kvay {bCaZ_4NVt:duration('P417217240DT1449781434H273480531M1795054335S'), j:-0o741500002066260620774}]->(VE9hQ) RETURN qJp2T.K , Qf68y.DdrT3IG AS fJ , W.DdrT3IG , GYZCSo9C , VE9hQ.SvY ORDER BY T.WS6vBI DESC , W.xzi , x.L DESC , j4, n.e DESC  LIMIT 8333565803695584324
INFO  ch.cypherchecker.common.GlobalState - CREATE (N:g {fPktk:"CzK"}) RETURN DISTINCT N ORDER BY N  LIMIT 3402594298853292251
INFO  ch.cypherchecker.common.GlobalState - CREATE (Re46:iI {K:date('0070-11-22')}), (SjsAgS:Cx {e:time('18'), SvY:duration.inSeconds(Re46.K,Re46.K), fiio5HvQ:true}), (dwfCqw8Nt9:iI {K:date('02901122')}), (t:Cx {e:time('06'), SvY:duration('PT149657779H672891929S'), fiio5HvQ:rTrim(("R#hGkbQ\r")+(0.30132126808166504))=~substring(right("m{SAk-",0o242163732453201334666),-(0o604650120662241004372),abs(0o503331470376275755463))}), (Re46)-[z:eu {WS6vBI:duration('P141463757Y70730599M1677942095WT1125500649M')}]->(Re46), (Re46)-[y:kvay {bCaZ_4NVt:duration.inDays(date('0249-07-21'),date('01900715')), J:false}]->(t), (Re46)-[F:kvay {X4a:point({ x: 0.476149, y: 0.526533 }), bCaZ_4NVt:t.SvY, J:substring(toStringOrNull(-5612082725174729233),y.j,+(y.j))=~trim(left("_4n",y.j)), j:-0x7ae5bfc5d7584814}]->(dwfCqw8Nt9), (Re46)-[A:kvay {J:false, j:-5339984892314082238}]->(SjsAgS), (t)-[qWN:eu {WS6vBI:duration('P1751740943M267719027W558218421DT1550773861H802853915S'), oFNqyZr0:duration('P646693601Y737200882W2039056520DT1397721739M1462946448S'), L:z.L}]->(dwfCqw8Nt9), (dwfCqw8Nt9)-[Y:kvay {X4a:point({ x: 0.258431, y: 0.873668, z: 0.268654 }), bCaZ_4NVt:duration('P763536961WT1847570037H'), j:0x553edd94d7c57959}]->(Re46), (dwfCqw8Nt9)-[G4:kvay {X4a:point({ x: 0.886352, y: 0.726118 }), bCaZ_4NVt:duration.inDays(date('0697-07-11'),date('01881119')), j:A.j, J:true}]->(SjsAgS)
INFO  ch.cypherchecker.common.GlobalState - MATCH (n:g) WHERE NOT(NOT(((-0o630455216720311121164)*(0x35a1b58533e76f33))<(sign(-0x4f0c4d2a44d3ad63)))) DELETE n
INFO  ch.cypherchecker.common.GlobalState - MATCH (n:Cx) WHERE ((rTrim("HK'"))+(toIntegerOrNull(0.144361674785614))=~(("P\\U")+(""))+(("")+(-6792286550477560427)))OR((date('03100702'))<=(date('09580809'))) DELETE n
INFO  ch.cypherchecker.common.GlobalState - MATCH (n:iI) WHERE isNaN(-(toIntegerOrNull(duration('P1469284257M2147483647DT477572655S')))) DETACH DELETE n RETURN n.K  LIMIT 5659312625161051065
INFO  ch.cypherchecker.common.GlobalState - SHOW PROCEDURES
INFO  ch.cypherchecker.common.GlobalState - CREATE (ah:g {fPktk:"v"}), (u:iI {K:date('04640423')}), (Xol:g {fPktk:"yF"}), (iB5sJO:F {x2:duration.between(date('0724-04-05'),date('08601130'))}), (Xol)-[o:eu {WS6vBI:duration.inMonths(date('09681029'),iB5sJO.ETXZE), L:Xol.fPktk}]->(iB5sJO), (Xol)-[mwN:eu {oFNqyZr0:duration.inSeconds(date('07550811'),date('02950930')), L:""}]->(ah), (iB5sJO)-[f_8F:eu {L:o.L}]->(Xol), (iB5sJO)-[GHxpIelyd:Xk3m {DdrT3IG:left(Xol.fPktk,((-6262984797618197498)/(-6662918238208424244))*((0o134221566726762316772)/(-7070953906125997565))), xzi:time('22')}]->(iB5sJO), (iB5sJO)-[r:eu {WS6vBI:duration('P2087785139WT1462404551H'), oFNqyZr0:duration.inSeconds(iB5sJO.DFWWx,date('04580910'))}]->(ah), (u)-[yU_eG:kvay {X4a:point({ x: 0.821482, y: 0.085944, z: 0.428730 }), bCaZ_4NVt:f_8F.WS6vBI, j:-412635661257715069, J:false}]->(iB5sJO), (ah)-[G:kvay {X4a:point({ x: 0.049131, y: 0.859006, z: 0.821479 }), bCaZ_4NVt:duration('P1183261969W584722151DT1292251615H'), j:-(yU_eG.j), J:true}]->(Xol) RETURN *  LIMIT 8714744854246364731
INFO  ch.cypherchecker.common.GlobalState - CREATE (MChk__2ug6:g {fPktk:(trim(("?-Y")+(0.48348915576934814)))+(size(substring("<'5Q",-6865478333371747417,-0x35973498274c87bc)))}), (S:F {ETXZE:date('0571-12-28'), DFWWx:date('0950-02-02'), x2:duration.inSeconds(date('09881002'),date('0592-03-28'))}), (lRpCNd:g {fPktk:MChk__2ug6.fPktk}), (Pi:Cx {fiio5HvQ:true}), (S)-[f:eu {WS6vBI:duration('P8665031Y718745734M585842515DT771998728H995547780M2093905245S'), oFNqyZr0:duration('P1191094621M1117725022DT134150110M454365509S'), L:""}]->(lRpCNd), (Pi)-[KF3ks1Sh:eu {oFNqyZr0:duration.inSeconds(date('0247-02-26'),S.DFWWx), L:"_}An"}]->(Pi), (Pi)-[jAv:kvay {X4a:point({ x: 0.215977, y: 0.087542 }), bCaZ_4NVt:duration.inMonths(S.DFWWx,S.sDbpjo), j:-0x2e46760fffffe12e}]->(lRpCNd), (lRpCNd)-[BMSTMb3:Xk3m {xzi:Pi.e}]->(MChk__2ug6), (MChk__2ug6)-[y:Xk3m {xzi:time('14:34:58,18783460'), DdrT3IG:substring(toStringOrNull(S.sDbpjo),+(-(-7078993970800422292)),jAv.j)}]->(S), (MChk__2ug6)-[LW:Xk3m {DdrT3IG:"Sg^"}]->(lRpCNd)
INFO  ch.cypherchecker.common.GlobalState - CREATE (nYt:Cx {e:time('18')}) RETURN nYt ORDER BY nYt.SvY  LIMIT 7866576355514623747
INFO  ch.cypherchecker.common.GlobalState - MATCH (n:Cx) WHERE n.fiio5HvQ DELETE n RETURN * ORDER BY n.SvY
INFO  ch.cypherchecker.common.GlobalState - SHOW ALL FUNCTIONS
INFO  ch.cypherchecker.common.GlobalState - CREATE INDEX AM FOR ()-[n:eu]-() ON (n.WS6vBI, n.oFNqyZr0, n.L)
INFO  ch.cypherchecker.common.GlobalState - CREATE (LcF:g {fPktk:lTrim((toString("\rEi"))+((" K}\\~|*>")+("")))}), (Lrc:ogm {UvJ:time('02'), n:duration('P2043472697Y290141547W1580829931DT1988971726M')}), (OTP:g {fPktk:LcF.fPktk}), (v7W6T:F {ETXZE:date('06660624'), DFWWx:date('08330428'), x2:duration.inSeconds(date('0641-06-13'),date('01270410'))}), (OTP)-[JLR:eu {WS6vBI:duration('P1132910137Y1927007170M1056165752DT1700546502H1176524933M'), oFNqyZr0:duration('P45829636Y2145867373D'), L:toString(time('08'))}]->(v7W6T), (Lrc)-[B8UUz:Xk3m {xzi:Lrc.UvJ}]->(LcF), (v7W6T)-[ftln9xyK:eu {WS6vBI:duration.inMonths(date('07540307'),date('09800305')), oFNqyZr0:duration('PT1532667003H866210246M'), L:"n\n"}]->(v7W6T), (LcF)-[AgU:Xk3m {DdrT3IG:"", xzi:time('07')}]->(OTP), (LcF)-[bnmZneQ_P:eu {WS6vBI:duration('P1Y262572015MT469721612H1209994674M'), oFNqyZr0:duration('P1245293464MT1217957191M1659010740S')}]->(Lrc), (LcF)-[QQVvl:Xk3m {xzi:time('17:10:11')}]->(LcF)
INFO  ch.cypherchecker.common.GlobalState - MATCH (n:ogm) WHERE NOT(isNaN((null)%(6310153007063798844))) DELETE n
INFO  ch.cypherchecker.common.GlobalState - MATCH (n:iI) WHERE (point({ x: 0.297191, y: 0.374155, z: 0.841481 }))<(point({ x: 0.246078, y: 0.009560 })) SET n.K = date('02180624') RETURN n.K AS O ORDER BY n.K
INFO  ch.cypherchecker.common.GlobalState - SHOW ALL FUNCTIONS
INFO  ch.cypherchecker.common.GlobalState - CREATE TEXT INDEX qT IF NOT EXISTS FOR (n:g) ON (n.fPktk)
INFO  ch.cypherchecker.common.GlobalState - CREATE TEXT INDEX u4bkE IF NOT EXISTS FOR (n:g) ON (n.fPktk)
INFO  ch.cypherchecker.common.GlobalState - MATCH (n:ogm) WHERE (toIntegerOrNull(isEmpty("")))<(size(("<|<^\r(")+(-0x6e2dd9ba8d5d82b6))) REMOVE n.UvJ
INFO  ch.cypherchecker.common.GlobalState - CREATE RANGE INDEX RrO IF NOT EXISTS FOR (n:ogm) ON (n.Wc, n.n)
INFO  ch.cypherchecker.common.GlobalState - CREATE (eYl:iI {K:date('07170407')}), (a:g {fPktk:(toLower(("M")+(-0x5e5efad30d3f4ad2)))+("m(*I]")}), (a)-[S:Xk3m {DdrT3IG:(a.fPktk)+(-((e())%(-(0.5003812909126282))))}]->(eYl), (eYl)-[mVxdnxVK:eu {WS6vBI:duration('PT1810920021H1031423597M1535355135S'), oFNqyZr0:duration('P1993735634W526923562D'), L:""}]->(a), (eYl)-[g:Xk3m {DdrT3IG:"", xzi:time('17:38:41.811571026')}]->(eYl)
INFO  ch.cypherchecker.common.GlobalState - SHOW TRANSACTIONS
INFO  ch.cypherchecker.common.GlobalState - DROP INDEX index_343aff4e
INFO  ch.cypherchecker.common.GlobalState - CREATE RANGE INDEX Tun IF NOT EXISTS FOR (n:ogm) ON (n.n)
INFO  ch.cypherchecker.common.GlobalState - CREATE (mJ1:iI {K:date('0966-06-16')}) RETURN *
INFO  ch.cypherchecker.common.GlobalState - CREATE (f:g {fPktk:(((replace("K\n2F[*jE","E",")4,2"))+(("_Bo")+(-0x2ff3a1ad141227e6)))+(lTrim("I")))+(lTrim(trim("Z")))}), (FAS:iI {K:date('08010220')}), (owZptZzGv:iI {K:FAS.K}), (wu:g {fPktk:"Hz/b#fT+"}), (UUgJi:Cx {e:time('18'), SvY:duration('P509081271DT218073986H2089751091M'), fiio5HvQ:(point({ x: 0.873997, y: 0.543210, z: 0.444674 }))>=(point({ x: 0.699181, y: 0.353673, z: 0.221867 }))}), (owZptZzGv)-[fph:Xk3m {xzi:time('2140')}]->(owZptZzGv), (owZptZzGv)-[Bci:kvay {X4a:point({ x: 0.298005, y: 0.207822 })}]->(UUgJi), (owZptZzGv)-[jH:kvay {j:7564921424510247236}]->(FAS), (owZptZzGv)-[LEP:kvay {X4a:point({ x: 0.270587, y: 0.116688 }), bCaZ_4NVt:duration.inDays(date('0883-06-26'),owZptZzGv.K), J:Bci.J}]->(wu), (UUgJi)-[tdX4e:eu {WS6vBI:duration('P1592892911Y1381018531WT80381795M1237721636S')}]->(FAS), (UUgJi)-[e3B4m9c:eu {WS6vBI:tdX4e.WS6vBI}]->(wu), (f)-[zZ9:Xk3m {xzi:time('1409')}]->(f), (f)-[zYCwWdetDB:kvay {X4a:point({ x: 0.725695, y: 0.292431 }), bCaZ_4NVt:duration('P1723655736Y20533369MT1052553923H1327099876S'), j:toInteger(((fph.DdrT3IG)+(0.18650484085083008))+(-(0.9136775732040405))), J:true}]->(FAS), (FAS)-[lp:Xk3m {DdrT3IG:"g\rG.?"}]->(owZptZzGv), (FAS)-[fCXKHKkekl:Xk3m {DdrT3IG:"m"}]->(wu), (wu)-[yr99xd6_O:eu {WS6vBI:duration('PT507834202M687343179S'), oFNqyZr0:duration.inDays(date('06700707'),date('00090715')), L:(left(("Ke")+(6569702356082321906),+(-2183606230467198801)))+(log10(toFloat(0.09908920526504517)))}]->(FAS), (wu)-[XEz:eu {WS6vBI:LEP.bCaZ_4NVt, L:""}]->(wu) RETURN * ORDER BY e3B4m9c.WS6vBI , lp, f, zYCwWdetDB, tdX4e.L DESC , Bci.X4a , XEz.WS6vBI , yr99xd6_O, owZptZzGv.K DESCENDING , UUgJi.fiio5HvQ , LEP, zZ9, fCXKHKkekl, FAS, wu, jH.bCaZ_4NVt DESCENDING , fph.xzi DESCENDING
INFO  ch.cypherchecker.common.GlobalState - CREATE (NX:F {x2:duration.inDays(date('0426-03-14'),date('0296-04-13')), sDbpjo:date('0209-07-14')}), (uKLWqU:g {fPktk:((lTrim("{]&}\r_!T"))+((point.distance(point({ x: 0.451767, y: 0.617207, z: 0.678615 }),point({ x: 0.642848, y: 0.074762, z: 0.150938 })))^(+(0.9186584949493408))))+(-(toInteger(0.19023704528808594)))}), (fSBF4U:ogm {Wc:duration.inDays(NX.sDbpjo,date('01960414'))}), (AqEJ:F {ETXZE:date('03750804'), x2:duration.inSeconds(date('0728-12-06'),date('0814-04-26'))}), (NX)-[A_M:eu {WS6vBI:duration('P1513065520Y679041474WT1732693928M'), oFNqyZr0:duration('P855047184Y1530753473M1872301786DT1538996265S')}]->(NX), (NX)-[TYEL:Xk3m {xzi:time('09'), DdrT3IG:A_M.L}]->(AqEJ), (NX)-[b:kvay {j:2969583380931696184}]->(uKLWqU), (AqEJ)-[oTuJNZF:kvay {X4a:point({ x: 0.270313, y: 0.433884 })}]->(AqEJ), (fSBF4U)-[PDRz:kvay {X4a:point({ x: 0.927921, y: 0.895578 }), bCaZ_4NVt:AqEJ.x2, J:false}]->(AqEJ), (uKLWqU)-[rLQ:eu {oFNqyZr0:duration.between(NX.ETXZE,date('0458-10-10')), L:(uKLWqU.fPktk)+(uKLWqU.fPktk)}]->(NX), (uKLWqU)-[EGnmtuG5G6:kvay {X4a:b.X4a, bCaZ_4NVt:A_M.oFNqyZr0, j:abs(b.j)}]->(fSBF4U) RETURN AqEJ.DFWWx AS e7eOir , oTuJNZF ORDER BY b.bCaZ_4NVt , PDRz.X4a DESC , NX.DFWWx DESC , AqEJ.DFWWx DESCENDING , TYEL.DdrT3IG , oTuJNZF
INFO  ch.cypherchecker.common.GlobalState - CREATE (nqRYad7Ecz:Cx {fiio5HvQ:true}), (nqRYad7Ecz)-[uCtExjxBh:Xk3m {xzi:time('21')}]->(nqRYad7Ecz)
INFO  ch.cypherchecker.common.GlobalState - CREATE RANGE INDEX CG FOR (n:F) ON (n.ETXZE, n.DFWWx, n.x2, n.sDbpjo)
INFO  ch.cypherchecker.common.GlobalState - CREATE (fzuxctRAo1:g {fPktk:substring(lTrim("C1"),(abs(-0x6007e7590b08b1bb))-(size("c>lvCm*")),((0x4204d2e0640d0d96)+(4290429589387834777))-((8432271452025493564)/(-0o104123665314543621741)))}), (o:g {fPktk:left(fzuxctRAo1.fPktk,toIntegerOrNull(duration('P108937987Y965602866W857447954D')))}), (S:F {ETXZE:date('09770823')}), (kH:F {DFWWx:date('06410708'), x2:duration.between(S.DFWWx,date('0792-04-21'))}), (zSP6:g {fPktk:""}), (S)-[jjFE:eu {WS6vBI:duration('P83295413WT181726640M'), oFNqyZr0:duration('P1264426179WT462460209H'), L:zSP6.fPktk}]->(S), (S)-[E_SN:kvay {bCaZ_4NVt:kH.x2, j:-0x50a41362eb23edb7, J:(time('12')) IS NULL}]->(fzuxctRAo1), (S)-[I:eu {WS6vBI:duration('P1333975442Y557844398MT3646235S'), oFNqyZr0:duration('P371181187W1664377480DT1853216576H179104807S'), L:jjFE.L}]->(o), (fzuxctRAo1)-[HvDMh:kvay {X4a:E_SN.X4a}]->(zSP6), (fzuxctRAo1)-[IV:kvay {X4a:HvDMh.X4a, j:E_SN.j}]->(kH), (fzuxctRAo1)-[F3:eu {WS6vBI:duration('P1893118942M2147483647DT394682608H2100746089M2027791869S'), L:lTrim((o.fPktk)+(I.L))}]->(o), (zSP6)-[K:eu {WS6vBI:duration('P632148248MT1683353648H732732308M'), oFNqyZr0:duration.inDays(S.DFWWx,date('0830-10-26'))}]->(fzuxctRAo1), (zSP6)-[nRPdUNkuN:Xk3m {DdrT3IG:(left(toString(IV.X4a),size(fzuxctRAo1.fPktk)))+(I.L)}]->(zSP6), (zSP6)-[I5qyTOd0C:eu {WS6vBI:K.WS6vBI, oFNqyZr0:K.WS6vBI, L:"'&S\t"}]->(kH), (kH)-[p__:kvay {bCaZ_4NVt:duration('P1808521770M609348443DT165410113H1663627160S'), J:isEmpty(toUpper(I5qyTOd0C.L)), j:(IV.j)/(IV.j)}]->(S), (o)-[iv:eu {WS6vBI:I.oFNqyZr0}]->(S), (o)-[St:eu {WS6vBI:duration('P1912905147Y275892744W1DT1724649156H1028764621M'), oFNqyZr0:kH.x2, L:""}]->(o) RETURN nRPdUNkuN.DdrT3IG AS v9uIT , St.WS6vBI , zSP6 , I.WS6vBI AS IC , K , F3 , iv.L AS Pig1Mep , IV , jjFE , o , p__ , S.ETXZE , fzuxctRAo1 , E_SN.J , HvDMh.J , kH
INFO  ch.cypherchecker.common.GlobalState - CREATE (b:F {ETXZE:date('0331-04-26'), DFWWx:date('0686-10-19'), x2:duration('P1350251792DT2085924604M')}) RETURN DISTINCT b.sDbpjo AS BE ORDER BY b.sDbpjo  LIMIT 3533942987980178998
INFO  ch.cypherchecker.common.GlobalState - SHOW PROCEDURE
INFO  ch.cypherchecker.common.GlobalState - CREATE (EXN:g {fPktk:"*cs~K\re_"}), (g1cm:g {fPktk:"v"}), (Q:iI {K:date('0820-11-27')}), (chLD:F {ETXZE:date('07781107'), DFWWx:date('06611206'), x2:duration.between(date('0937-07-09'),date('01711026')), sDbpjo:date('02350606')}), (Q)-[Bi:eu {WS6vBI:duration('P985725956WT1526645966H774173920M'), oFNqyZr0:duration.inDays(date('0873-12-07'),chLD.DFWWx)}]->(EXN), (chLD)-[P:eu {oFNqyZr0:duration.inSeconds(date('00480417'),chLD.DFWWx)}]->(EXN), (EXN)-[EIxW:eu {WS6vBI:Bi.WS6vBI, oFNqyZr0:duration('P77586301Y406394453W1593608563DT586606832S')}]->(chLD), (g1cm)-[v:kvay {J:null}]->(chLD), (g1cm)-[dyjHB:eu {WS6vBI:P.WS6vBI}]->(EXN), (g1cm)-[e8eJIm9bf:eu {WS6vBI:Bi.WS6vBI, oFNqyZr0:EIxW.oFNqyZr0, L:"dZ mckpI{"}]->(g1cm)
INFO  ch.cypherchecker.common.GlobalState - CREATE (s08Edbg:g {fPktk:""}), (U:Cx {e:time('16'), SvY:duration('P1239532528M1289490690WT453853192H159101595M'), fiio5HvQ:true}), (c9z1:ogm {UvJ:time('06'), n:duration('P1560412294M1023600031DT595663505H104528123S')}), (d:F {DFWWx:date('05540504'), x2:c9z1.Wc, sDbpjo:date('03941104')}), (c9z1)-[m:Xk3m {xzi:c9z1.UvJ}]->(c9z1), (s08Edbg)-[lc1H_L:kvay {X4a:point({ x: 0.728785, y: 0.456452 }), bCaZ_4NVt:d.x2, j:-0x4d36ff266647570c, J:true}]->(c9z1), (d)-[KX:Xk3m {DdrT3IG:"-0%e[c5", xzi:time('13:07:00,395926626')}]->(c9z1), (d)-[fS:eu {WS6vBI:duration('P1779555377Y2083209461DT28764301M'), oFNqyZr0:duration.between(d.DFWWx,d.ETXZE), L:m.DdrT3IG}]->(s08Edbg), (U)-[VttGKaUH:eu {WS6vBI:c9z1.n, oFNqyZr0:duration('P1394418078M1010769225D'), L:"c["}]->(d)
INFO  ch.cypherchecker.common.GlobalState - CREATE RANGE INDEX Oaw IF NOT EXISTS FOR (n:ogm) ON (n.UvJ, n.Wc, n.n)
INFO  ch.cypherchecker.common.GlobalState - CREATE (O7:iI {K:date('06200731')}), (JWgJh:iI {K:date('0934-10-12')}), (BSK:Cx {e:time('0126')}), (qlGLiLU5:F {ETXZE:O7.K, DFWWx:O7.K, sDbpjo:date('0052-01-08')}), (HCl:iI {K:date('06180307')}), (HCl)-[nsnL0W:kvay {bCaZ_4NVt:duration.inDays(date('0011-06-13'),qlGLiLU5.ETXZE)}]->(HCl), (HCl)-[l:kvay {bCaZ_4NVt:BSK.SvY}]->(O7), (HCl)-[Qw:eu {oFNqyZr0:duration('P1062410416M1913146353WT1419879582H2003737531M'), L:"|Srw"}]->(BSK), (JWgJh)-[M8vBuAv8:Xk3m {xzi:time('0728')}]->(HCl), (JWgJh)-[Jx:kvay {X4a:point({ x: 0.242738, y: 0.523451 })}]->(JWgJh), (JWgJh)-[D8RMP:Xk3m {xzi:BSK.e, DdrT3IG:right(Qw.L,+(Jx.j))}]->(BSK), (O7)-[JW:kvay {X4a:Jx.X4a, bCaZ_4NVt:nsnL0W.bCaZ_4NVt, J:false}]->(HCl), (O7)-[yNoy:eu {WS6vBI:duration.inSeconds(date('07570215'),qlGLiLU5.ETXZE), oFNqyZr0:duration.inDays(date('0260-05-07'),date('06741004')), L:""}]->(JWgJh), (O7)-[D:Xk3m {xzi:time('13:55:20')}]->(BSK), (qlGLiLU5)-[n9KNynPN2B:eu {WS6vBI:duration.inMonths(date('00171015'),qlGLiLU5.ETXZE)}]->(JWgJh), (qlGLiLU5)-[r:Xk3m {xzi:time('12:27:38.495214166'), DdrT3IG:""}]->(O7), (qlGLiLU5)-[S:eu {WS6vBI:duration('P211714038DT250500381H1487454845S'), L:""}]->(BSK) RETURN *  LIMIT 6749810568340716790
INFO  ch.cypherchecker.common.GlobalState - CREATE (be:g {fPktk:lTrim((("")+("Gu"))+((-0x7b980acb08c17794)-(0.9695432186126709)))}), (cy:iI {K:date('06460705')}), (J:Cx {SvY:duration.inMonths(cy.K,cy.K)}), (aHj:g {fPktk:"sR*"}), (Vw:Cx {SvY:duration.between(date('0712-12-28'),cy.K)}), (Vw)-[H0jH0ZUrq:kvay {X4a:point({ x: 0.584517, y: 0.387458, z: 0.999954 }), J:false}]->(Vw), (aHj)-[X5A:eu {L:"4"}]->(be), (aHj)-[Y:Xk3m {xzi:time('14:03:16')}]->(cy), (aHj)-[Ruem_szk:eu {WS6vBI:duration.inSeconds(cy.K,date('0626-04-19')), oFNqyZr0:duration('P571232356Y172567109WT1453781474H1556987081M1548781898S'), L:"XbZw/"}]->(J), (be)-[Q0o8Wyd:eu {WS6vBI:Ruem_szk.WS6vBI, oFNqyZr0:duration('P1754582003Y982739759DT955507774H1366975549M771944214S'), L:"3KsL"}]->(aHj), (be)-[rUw:kvay {bCaZ_4NVt:H0jH0ZUrq.bCaZ_4NVt}]->(J), (cy)-[Up:Xk3m {xzi:J.e, DdrT3IG:",|"}]->(aHj), (cy)-[B:eu {WS6vBI:duration.inMonths(date('08470210'),cy.K), oFNqyZr0:duration('P1374398366MT1757258495S'), L:"w-s\rfw\n"}]->(be), (J)-[rjD1XQaSf:Xk3m {xzi:Up.xzi}]->(aHj), (J)-[cD:Xk3m {xzi:time('19')}]->(be), (J)-[j95:eu {oFNqyZr0:duration('P1742445026Y159083320DT4451390H'), L:"&"}]->(J) RETURN DISTINCT aHj , be.fPktk AS y , H0jH0ZUrq , Y.xzi AS pm , Ruem_szk.WS6vBI AS CCvOJX8B ORDER BY Ruem_szk.WS6vBI , aHj , H0jH0ZUrq DESCENDING , be.fPktk  LIMIT 8583035350497553779
INFO  ch.cypherchecker.common.GlobalState - CREATE TEXT INDEX n FOR (n:g) ON (n.fPktk)
INFO  ch.cypherchecker.common.GlobalState - CREATE RANGE INDEX aQTIA FOR ()-[n:Xk3m]-() ON (n.xzi, n.DdrT3IG)
INFO  ch.cypherchecker.common.GlobalState - DROP INDEX index_f7700477 IF EXISTS
INFO  ch.cypherchecker.common.GlobalState - SHOW PROCEDURES
INFO  ch.cypherchecker.common.GlobalState - MATCH (n:g) WHERE (e()) IS NOT NULL DETACH DELETE n RETURN n ORDER BY n.fPktk DESCENDING
INFO  ch.cypherchecker.common.GlobalState - MATCH (n:g) WHERE isEmpty(n.fPktk) DETACH DELETE n RETURN *
INFO  ch.cypherchecker.common.GlobalState - CREATE (LdF:iI {K:date('06341212')}), (rxW1:g {fPktk:"'pONTCWS]"}), (b:F {ETXZE:date('08410121'), DFWWx:date('0230-09-28'), x2:duration('P680766194Y1192352108M469524400W213734648D'), sDbpjo:date('03640202')}), (b)-[Z7DSyrGN:Xk3m {DdrT3IG:(rxW1.fPktk)+(sqrt(+(-0o165127375124621241714))), xzi:time('21')}]->(b), (rxW1)-[J:eu {oFNqyZr0:duration('P1734083149DT695348830H677708368M1924569376S')}]->(b), (rxW1)-[K:kvay {X4a:point({ x: 0.083403, y: 0.755047 }), j:3149728223928913381}]->(LdF), (LdF)-[KQcynA6x6:kvay {X4a:K.X4a, bCaZ_4NVt:b.x2, j:(K.j)+((K.j)/((K.j)-(K.j))), J:false}]->(b), (LdF)-[Xettlq:eu {WS6vBI:KQcynA6x6.bCaZ_4NVt, oFNqyZr0:duration('P1571722694MT539246565M1221024601S')}]->(rxW1), (LdF)-[E0Hqt:Xk3m {DdrT3IG:(Z7DSyrGN.DdrT3IG)+(((+(0.435619056224823))%(K.j))/(KQcynA6x6.j)), xzi:time('21')}]->(LdF) RETURN DISTINCT rxW1.fPktk AS VnzA56
INFO  ch.cypherchecker.common.GlobalState - CREATE (eob2T:g {fPktk:"GO M*"}), (Y2mr:ogm {Wc:duration.inMonths(date('06171129'),date('09910705')), n:duration.between(date('0362-07-16'),date('04940928'))}), (UcaI:F {x2:duration.inMonths(date('02031231'),date('07351220'))}), (gQcmPHX:iI {K:date('0097-07-30')}), (eob2T)-[wWG:kvay {X4a:point({ x: 0.826099, y: 0.330733 }), bCaZ_4NVt:duration('P1445875895M283788054W1458143834DT2016592383H'), J:true}]->(Y2mr), (eob2T)-[yU:eu {WS6vBI:duration.inDays(gQcmPHX.K,UcaI.sDbpjo)}]->(eob2T), (eob2T)-[sFr2DE_:Xk3m {xzi:time('0929'), DdrT3IG:yU.L}]->(gQcmPHX), (gQcmPHX)-[b:Xk3m {xzi:time('07:46:45')}]->(gQcmPHX), (UcaI)-[sq:Xk3m {xzi:Y2mr.UvJ}]->(Y2mr), (UcaI)-[ZFQT3R:kvay {X4a:point({ x: 0.772866, y: 0.484236 }), J:false, j:0x267bbfd983808ed8}]->(UcaI) RETURN *
INFO  ch.cypherchecker.common.GlobalState - CREATE (J1_sp3:Cx {e:time('20:33:49.677412507'), SvY:duration('P110286557M1181651876DT279537930H791874749S')}), (UUZLYre:F {ETXZE:date('0634-10-26'), DFWWx:date('0237-11-04'), x2:J1_sp3.SvY}), (J1_sp3)-[O:Xk3m {xzi:time('22')}]->(J1_sp3), (UUZLYre)-[EBJ:eu {oFNqyZr0:duration('P1908163642Y895929424M2107606004WT292650151M')}]->(J1_sp3), (UUZLYre)-[qV:eu {WS6vBI:duration('P2094893200M1464357681W1594752447DT7014561H1370810497M'), L:rTrim(EBJ.L)}]->(UUZLYre)
INFO  ch.cypherchecker.common.GlobalState - MATCH (n:g) RETURN n
INFO  ch.cypherchecker.common.GlobalState - MATCH (n:g) WHERE NOT(n.fPktk=~n.fPktk) RETURN n
INFO  ch.cypherchecker.common.GlobalState - MATCH (n:g) WHERE (n.fPktk)CONTAINS(toString((1762996355441869669)-(8095286573470268659))) RETURN n
INFO  ch.cypherchecker.common.GlobalState - MATCH (n:g) WHERE (NOT(n.fPktk=~n.fPktk)) OR ((n.fPktk)CONTAINS(toString((1762996355441869669)-(8095286573470268659)))) RETURN n
INFO  ch.cypherchecker.common.GlobalState - MATCH (n:Cx) RETURN n
INFO  ch.cypherchecker.common.GlobalState - MATCH (n:Cx) WHERE n.fiio5HvQ RETURN n
INFO  ch.cypherchecker.common.GlobalState - MATCH (n:Cx) WHERE (-(log(1265764379453914229)))<>(-(-(toFloatOrNull("O-~]Xw")))) RETURN n
INFO  ch.cypherchecker.common.GlobalState - MATCH (n:Cx) WHERE (n.fiio5HvQ) OR ((-(log(1265764379453914229)))<>(-(-(toFloatOrNull("O-~]Xw"))))) RETURN n
INFO  ch.cypherchecker.common.GlobalState - MATCH (n:Cx) RETURN n
INFO  ch.cypherchecker.common.GlobalState - MATCH (n:Cx) WHERE toUpper(("&b\r")+("dmxe"))=~(reverse("\rqDvrz"))+(0.8067998290061951) RETURN n
INFO  ch.cypherchecker.common.GlobalState - MATCH (n:Cx) WHERE ((-(+(-0x3693ac25dc0d8efe)))-((-(0.239324152469635))%(toFloatOrNull(4450000663855361208))))>(+(point.distance(point({ x: 0.071196, y: 0.517268, z: 0.311617 }),point({ x: 0.493767, y: 0.562821 })))) RETURN n
INFO  ch.cypherchecker.common.GlobalState - MATCH (n:Cx) WHERE (toUpper(("&b\r")+("dmxe"))=~(reverse("\rqDvrz"))+(0.8067998290061951)) OR (((-(+(-0x3693ac25dc0d8efe)))-((-(0.239324152469635))%(toFloatOrNull(4450000663855361208))))>(+(point.distance(point({ x: 0.071196, y: 0.517268, z: 0.311617 }),point({ x: 0.493767, y: 0.562821 }))))) RETURN n
INFO  ch.cypherchecker.common.GlobalState - MATCH (n:iI) RETURN n
INFO  ch.cypherchecker.common.GlobalState - MATCH (n:iI) WHERE rTrim(toLower(">"))=~toStringOrNull(duration.inDays(date('0469-10-04'),date('0566-11-01'))) RETURN n
INFO  ch.cypherchecker.common.GlobalState - MATCH (n:iI) WHERE (toUpper(("IY\\,L]nQ")+(0x796ccf03775d4d05)))>((lTrim("3."))+((("")+(0x58781ef4c5780a10))+((0.17009401321411133)/(-0.0)))) RETURN n
INFO  ch.cypherchecker.common.GlobalState - MATCH (n:iI) WHERE (rTrim(toLower(">"))=~toStringOrNull(duration.inDays(date('0469-10-04'),date('0566-11-01')))) OR ((toUpper(("IY\\,L]nQ")+(0x796ccf03775d4d05)))>((lTrim("3."))+((("")+(0x58781ef4c5780a10))+((0.17009401321411133)/(-0.0))))) RETURN n
INFO  ch.cypherchecker.common.GlobalState - MATCH (n:g) RETURN n
INFO  ch.cypherchecker.common.GlobalState - MATCH (n:g) WHERE (point({ x: 0.052554, y: 0.979987 })) IS NULL RETURN n
INFO  ch.cypherchecker.common.GlobalState - MATCH (n:g) WHERE (toFloatOrNull(+(-0o334116500143666350535))) IS NULL RETURN n
INFO  ch.cypherchecker.common.GlobalState - MATCH (n:g) WHERE ((point({ x: 0.052554, y: 0.979987 })) IS NULL) OR ((toFloatOrNull(+(-0o334116500143666350535))) IS NULL) RETURN n
INFO  ch.cypherchecker.common.GlobalState - MATCH (n:F) RETURN n
INFO  ch.cypherchecker.common.GlobalState - MATCH (n:F) WHERE (toUpper("2"))+(sign(0.6029131412506104))=~((lTrim(""))+(rTrim(".")))+((("")+(-3097976684664959495))+(ceil(6851199529098664929))) RETURN n
INFO  ch.cypherchecker.common.GlobalState - MATCH (n:F) WHERE (time('04:39:17'))<>(time('03:42')) RETURN n
INFO  ch.cypherchecker.common.GlobalState - MATCH (n:F) WHERE ((toUpper("2"))+(sign(0.6029131412506104))=~((lTrim(""))+(rTrim(".")))+((("")+(-3097976684664959495))+(ceil(6851199529098664929)))) OR ((time('04:39:17'))<>(time('03:42'))) RETURN n
INFO  ch.cypherchecker.common.GlobalState - MATCH (n:ogm) RETURN n
INFO  ch.cypherchecker.common.GlobalState - MATCH (n:ogm) WHERE (n.UvJ) IS NOT NULL RETURN n
INFO  ch.cypherchecker.common.GlobalState - MATCH (n:ogm) WHERE (n.Wc)<>(duration.inSeconds(date('0880-07-26'),null)) RETURN n
INFO  ch.cypherchecker.common.GlobalState - MATCH (n:ogm) WHERE ((n.UvJ) IS NOT NULL) OR ((n.Wc)<>(duration.inSeconds(date('0880-07-26'),null))) RETURN n
INFO  ch.cypherchecker.common.GlobalState - MATCH (n:F) RETURN n
INFO  ch.cypherchecker.common.GlobalState - MATCH (n:F) WHERE NOT(((point({ x: 0.200967, y: 0.248694 }))<(point({ x: 0.557180, y: 0.060425 })))AND((log(0x5083f945c560dd94))<(toFloatOrNull(6173996471398245022)))) RETURN n
INFO  ch.cypherchecker.common.GlobalState - MATCH (n:F) WHERE ((toString(time('05:45:10')))STARTS WITH(toUpper("5")))AND((duration.inDays(date('0387-05-28'),n.DFWWx)) IS NULL) RETURN n
INFO  ch.cypherchecker.common.GlobalState - MATCH (n:F) WHERE (NOT(((point({ x: 0.200967, y: 0.248694 }))<(point({ x: 0.557180, y: 0.060425 })))AND((log(0x5083f945c560dd94))<(toFloatOrNull(6173996471398245022))))) OR (((toString(time('05:45:10')))STARTS WITH(toUpper("5")))AND((duration.inDays(date('0387-05-28'),n.DFWWx)) IS NULL)) RETURN n
INFO  ch.cypherchecker.common.GlobalState - MATCH (n:Cx) RETURN n
INFO  ch.cypherchecker.common.GlobalState - MATCH (n:Cx) WHERE n.fiio5HvQ RETURN n
INFO  ch.cypherchecker.common.GlobalState - MATCH (n:Cx) WHERE toLower(("_Ak2o")+(""))=~replace("sqvP{kV",trim("Y\ngP"),trim("6")) RETURN n
INFO  ch.cypherchecker.common.GlobalState - MATCH (n:Cx) WHERE (n.fiio5HvQ) OR (toLower(("_Ak2o")+(""))=~replace("sqvP{kV",trim("Y\ngP"),trim("6"))) RETURN n
INFO  ch.cypherchecker.common.GlobalState - MATCH (n:g) RETURN n
INFO  ch.cypherchecker.common.GlobalState - MATCH (n:g) WHERE NOT(((NOT((false)OR(true)))XOR(NOT(isEmpty("Brc"))))AND((n.fPktk)>=((n.fPktk)+(-0x153e8db360062034)))) RETURN n
INFO  ch.cypherchecker.common.GlobalState - MATCH (n:g) WHERE ((round(0.39144641160964966))+((exp(0.9676170945167542))-(+(0.9407008290290833))))<=(+((exp(0.4851076006889343))/(toFloat(0o471721360742213746431)))) RETURN n
INFO  ch.cypherchecker.common.GlobalState - MATCH (n:g) WHERE (NOT(((NOT((false)OR(true)))XOR(NOT(isEmpty("Brc"))))AND((n.fPktk)>=((n.fPktk)+(-0x153e8db360062034))))) OR (((round(0.39144641160964966))+((exp(0.9676170945167542))-(+(0.9407008290290833))))<=(+((exp(0.4851076006889343))/(toFloat(0o471721360742213746431))))) RETURN n
INFO  ch.cypherchecker.common.GlobalState - MATCH (n:iI) RETURN n
INFO  ch.cypherchecker.common.GlobalState - MATCH (n:iI) WHERE (point({ x: 0.872307, y: 0.797513 })) IS NULL RETURN n
INFO  ch.cypherchecker.common.GlobalState - MATCH (n:iI) WHERE (((toUpper("A R^[J"))+((0.478177547454834)+(0.282121479511261)))CONTAINS(left("<w",-6475277531849932177)))AND(toUpper("fZl~J~c.W")=~right("'ox",0x3ae9379bee562f63)) RETURN n
INFO  ch.cypherchecker.common.GlobalState - MATCH (n:iI) WHERE ((point({ x: 0.872307, y: 0.797513 })) IS NULL) OR ((((toUpper("A R^[J"))+((0.478177547454834)+(0.282121479511261)))CONTAINS(left("<w",-6475277531849932177)))AND(toUpper("fZl~J~c.W")=~right("'ox",0x3ae9379bee562f63))) RETURN n
INFO  ch.cypherchecker.common.GlobalState - MATCH (n:iI) RETURN n
INFO  ch.cypherchecker.common.GlobalState - MATCH (n:iI) WHERE (NOT((("u")+(0.37317728996276855))ENDS WITH(("v\r5Pv")+(""))))AND(NOT((((("-")STARTS WITH("^F"))AND(((false)XOR(false))AND(true)))XOR((date('00990429')) IS NOT NULL))XOR(("9]Q")<("7ce35C<G")))) RETURN n
INFO  ch.cypherchecker.common.GlobalState - MATCH (n:iI) WHERE (date('00010216'))<>(n.K) RETURN n
INFO  ch.cypherchecker.common.GlobalState - MATCH (n:iI) WHERE ((NOT((("u")+(0.37317728996276855))ENDS WITH(("v\r5Pv")+(""))))AND(NOT((((("-")STARTS WITH("^F"))AND(((false)XOR(false))AND(true)))XOR((date('00990429')) IS NOT NULL))XOR(("9]Q")<("7ce35C<G"))))) OR ((date('00010216'))<>(n.K)) RETURN n
INFO  ch.cypherchecker.common.GlobalState - MATCH (n:ogm) RETURN n
INFO  ch.cypherchecker.common.GlobalState - MATCH (n:ogm) WHERE ((true)XOR(((trim("t\\>"))+(toIntegerOrNull(date('0645-02-17'))))ENDS WITH((rTrim("~+a"))+(exp(-8788569387619937387)))))OR(((NOT(true))<>(((((true)XOR(false))OR(false))AND(false))OR(true)))XOR((point({ x: 0.305210, y: 0.022466 }))>(point({ x: 0.327523, y: 0.068610, z: 0.382371 })))) RETURN n
INFO  ch.cypherchecker.common.GlobalState - MATCH (n:ogm) WHERE ((((NOT((n.Wc) IS NOT NULL))XOR(toBoolean(toStringOrNull(0.9670377373695374))))OR((toInteger(0o661560322300146433401)) IS NULL))OR(toBooleanOrNull(point({ x: 0.495935, y: 0.452691, z: 0.505404 }))))OR(NOT((("l5vv(")+(0.8559972643852234))ENDS WITH(toLower("\n*U_&")))) RETURN n
INFO  ch.cypherchecker.common.GlobalState - MATCH (n:ogm) WHERE (((true)XOR(((trim("t\\>"))+(toIntegerOrNull(date('0645-02-17'))))ENDS WITH((rTrim("~+a"))+(exp(-8788569387619937387)))))OR(((NOT(true))<>(((((true)XOR(false))OR(false))AND(false))OR(true)))XOR((point({ x: 0.305210, y: 0.022466 }))>(point({ x: 0.327523, y: 0.068610, z: 0.382371 }))))) OR (((((NOT((n.Wc) IS NOT NULL))XOR(toBoolean(toStringOrNull(0.9670377373695374))))OR((toInteger(0o661560322300146433401)) IS NULL))OR(toBooleanOrNull(point({ x: 0.495935, y: 0.452691, z: 0.505404 }))))OR(NOT((("l5vv(")+(0.8559972643852234))ENDS WITH(toLower("\n*U_&"))))) RETURN n
INFO  ch.cypherchecker.common.GlobalState - MATCH (n:F) RETURN n
INFO  ch.cypherchecker.common.GlobalState - MATCH (n:F) WHERE (((("d91]vE a")+(8198913196741109276))+(("c2iaN#")+("z")))+(+((0x57a80a9878af6771)%(0o542541056647575177753))))ENDS WITH((left("ff",-0o33373576477214677150))+((lTrim("-"))+(("")+(0.4182487726211548)))) RETURN n
INFO  ch.cypherchecker.common.GlobalState - MATCH (n:F) WHERE NOT((isNaN(0.7416553497314453))AND(("f")+(0.875884473323822)=~("{TwgZM")+("+u"))) RETURN n
INFO  ch.cypherchecker.common.GlobalState - MATCH (n:F) WHERE ((((("d91]vE a")+(8198913196741109276))+(("c2iaN#")+("z")))+(+((0x57a80a9878af6771)%(0o542541056647575177753))))ENDS WITH((left("ff",-0o33373576477214677150))+((lTrim("-"))+(("")+(0.4182487726211548))))) OR (NOT((isNaN(0.7416553497314453))AND(("f")+(0.875884473323822)=~("{TwgZM")+("+u")))) RETURN n
INFO  ch.cypherchecker.common.GlobalState - MATCH (n:F) RETURN n
INFO  ch.cypherchecker.common.GlobalState - MATCH (n:F) WHERE (lTrim("~Q")=~(("NzgwO")+(0o640756643607010677522))+(sign(0o314153007247633777467)))>((((((n.x2)<>(duration.inSeconds(date('0931-07-11'),date('02121018'))))OR(((("8"=~"3wuDHF\t3!")XOR(("")CONTAINS("")))XOR("y"=~"j"))OR("9D\n["=~"n")))OR(("")STARTS WITH(trim("45"))))AND(((-0o62222543005147776400)%(-0o115517357541571742012))=((-0o112255316007376522335)/(-0o114443741755045521433))))AND((("^")+(""))STARTS WITH(left("C*w*M!",-0x5eaaeba5fc091af9)))) RETURN n
INFO  ch.cypherchecker.common.GlobalState - MATCH (n:F) WHERE (toFloat(e())) IS NULL RETURN n
INFO  ch.cypherchecker.common.GlobalState - MATCH (n:F) WHERE ((lTrim("~Q")=~(("NzgwO")+(0o640756643607010677522))+(sign(0o314153007247633777467)))>((((((n.x2)<>(duration.inSeconds(date('0931-07-11'),date('02121018'))))OR(((("8"=~"3wuDHF\t3!")XOR(("")CONTAINS("")))XOR("y"=~"j"))OR("9D\n["=~"n")))OR(("")STARTS WITH(trim("45"))))AND(((-0o62222543005147776400)%(-0o115517357541571742012))=((-0o112255316007376522335)/(-0o114443741755045521433))))AND((("^")+(""))STARTS WITH(left("C*w*M!",-0x5eaaeba5fc091af9))))) OR ((toFloat(e())) IS NULL) RETURN n
INFO  ch.cypherchecker.common.GlobalState - MATCH (n:iI) RETURN n
INFO  ch.cypherchecker.common.GlobalState - MATCH (n:iI) WHERE NOT((substring("G)'b",-0o330036536166747103140,5952092658212432180))ENDS WITH((rTrim(""))+(toLower("6HZ")))) RETURN n
INFO  ch.cypherchecker.common.GlobalState - MATCH (n:iI) WHERE toBooleanOrNull(duration.inDays(date('01130722'),n.K)) RETURN n
INFO  ch.cypherchecker.common.GlobalState - MATCH (n:iI) WHERE (NOT((substring("G)'b",-0o330036536166747103140,5952092658212432180))ENDS WITH((rTrim(""))+(toLower("6HZ"))))) OR (toBooleanOrNull(duration.inDays(date('01130722'),n.K))) RETURN n
INFO  ch.cypherchecker.common.GlobalState - MATCH (n:iI) RETURN n
INFO  ch.cypherchecker.common.GlobalState - MATCH (n:iI) WHERE replace(reverse(""),("%#OU")+(0.7239978313446045),("\\^")+("hK>#"))=~toUpper(("l *]LCH")+("")) RETURN n
INFO  ch.cypherchecker.common.GlobalState - MATCH (n:iI) WHERE (abs(-(-7735950149652113693))) IS NULL RETURN n
INFO  ch.cypherchecker.common.GlobalState - MATCH (n:iI) WHERE (replace(reverse(""),("%#OU")+(0.7239978313446045),("\\^")+("hK>#"))=~toUpper(("l *]LCH")+(""))) OR ((abs(-(-7735950149652113693))) IS NULL) RETURN n
INFO  ch.cypherchecker.common.GlobalState - MATCH (n:F) RETURN n
INFO  ch.cypherchecker.common.GlobalState - MATCH (n:F) WHERE (toStringOrNull(4100903451285220902))+(exp(0.10020601749420166))=~toUpper(substring(null,-7233916298399313241,-0o256543716607601775341)) RETURN n
INFO  ch.cypherchecker.common.GlobalState - MATCH (n:F) WHERE "z"=~(substring("z>w",-3982134389568143293,-0x7afbaec4760292c))+((abs(3858976921099858780))/((-9071104239031648284)/(-0x66629d54537a192c))) RETURN n
INFO  ch.cypherchecker.common.GlobalState - MATCH (n:F) WHERE ((toStringOrNull(4100903451285220902))+(exp(0.10020601749420166))=~toUpper(substring(null,-7233916298399313241,-0o256543716607601775341))) OR ("z"=~(substring("z>w",-3982134389568143293,-0x7afbaec4760292c))+((abs(3858976921099858780))/((-9071104239031648284)/(-0x66629d54537a192c)))) RETURN n
INFO  ch.cypherchecker.common.GlobalState - MATCH (n:ogm) RETURN n
INFO  ch.cypherchecker.common.GlobalState - MATCH (n:ogm) WHERE NOT(reverse("")=~(("D")+("SnLUY(R/l"))+((0.41830044984817505)/(0.25539571046829224))) RETURN n
INFO  ch.cypherchecker.common.GlobalState - MATCH (n:ogm) WHERE ((toLower("N*drR")=~(("G")+("H"))+(log10(0x44456a6b6012a501)))AND(((rTrim("u}ep4]"))+(sqrt(0.6814616918563843)))STARTS WITH(("_dk*c_")+((-0x7153536a481afefc)-(-0o106124304643722207747)))))XOR(toBooleanOrNull((0x561b02095b1b500f)-(0o235135216276174305044))) RETURN n
INFO  ch.cypherchecker.common.GlobalState - MATCH (n:ogm) WHERE (NOT(reverse("")=~(("D")+("SnLUY(R/l"))+((0.41830044984817505)/(0.25539571046829224)))) OR (((toLower("N*drR")=~(("G")+("H"))+(log10(0x44456a6b6012a501)))AND(((rTrim("u}ep4]"))+(sqrt(0.6814616918563843)))STARTS WITH(("_dk*c_")+((-0x7153536a481afefc)-(-0o106124304643722207747)))))XOR(toBooleanOrNull((0x561b02095b1b500f)-(0o235135216276174305044)))) RETURN n
INFO  ch.cypherchecker.common.GlobalState - MATCH (n:ogm) RETURN n
INFO  ch.cypherchecker.common.GlobalState - MATCH (n:ogm) WHERE toBooleanOrNull((+(0x7300520bd76ca3b6))%(-(0x1bd530257b98699b))) RETURN n
INFO  ch.cypherchecker.common.GlobalState - MATCH (n:ogm) WHERE (((((n.UvJ) IS NOT NULL)OR(((size("uht~e|8jw"))/(toIntegerOrNull(n.UvJ)))<(-(+(1498094074701899886)))))OR(isEmpty((",")+(3615097179494571977))))AND((rTrim("TN%KDi"))CONTAINS(substring("71 Y]",-0o374625417443602425413,0o716634653331432160157))))OR((("!b*")+(0x73781ea947a96395))+((0.6857488751411438)%(0.6075669527053833))=~trim("j")) RETURN n
INFO  ch.cypherchecker.common.GlobalState - MATCH (n:ogm) WHERE (toBooleanOrNull((+(0x7300520bd76ca3b6))%(-(0x1bd530257b98699b)))) OR ((((((n.UvJ) IS NOT NULL)OR(((size("uht~e|8jw"))/(toIntegerOrNull(n.UvJ)))<(-(+(1498094074701899886)))))OR(isEmpty((",")+(3615097179494571977))))AND((rTrim("TN%KDi"))CONTAINS(substring("71 Y]",-0o374625417443602425413,0o716634653331432160157))))OR((("!b*")+(0x73781ea947a96395))+((0.6857488751411438)%(0.6075669527053833))=~trim("j"))) RETURN n
INFO  ch.cypherchecker.common.GlobalState - MATCH (n:F) RETURN n
INFO  ch.cypherchecker.common.GlobalState - MATCH (n:F) WHERE ((((((((NOT(false))AND((("R8!")+(Infinity))STARTS WITH(replace("Pl,c||>e","b","8"))))XOR(isEmpty("p_!^BM")))AND((+(+(0.24537092447280884)))>=(exp(0o777777777777777777777))))XOR(isEmpty(rTrim(""))))OR(NOT(("dgp"=~"*qH")AND(NOT(false)))))AND((toIntegerOrNull(point({ x: 0.676886, y: 0.942301, z: 0.391284 }))) IS NULL))OR((n.x2)>=(duration.between(n.ETXZE,date('0852-08-08')))))OR(rTrim("\rB8heM")=~(toUpper("l9Sniii"))+((0.4731931686401367)%(-6111207257289771627))) RETURN n
INFO  ch.cypherchecker.common.GlobalState - MATCH (n:F) WHERE isEmpty(toStringOrNull(true)) RETURN n
INFO  ch.cypherchecker.common.GlobalState - MATCH (n:F) WHERE (((((((((NOT(false))AND((("R8!")+(Infinity))STARTS WITH(replace("Pl,c||>e","b","8"))))XOR(isEmpty("p_!^BM")))AND((+(+(0.24537092447280884)))>=(exp(0o777777777777777777777))))XOR(isEmpty(rTrim(""))))OR(NOT(("dgp"=~"*qH")AND(NOT(false)))))AND((toIntegerOrNull(point({ x: 0.676886, y: 0.942301, z: 0.391284 }))) IS NULL))OR((n.x2)>=(duration.between(n.ETXZE,date('0852-08-08')))))OR(rTrim("\rB8heM")=~(toUpper("l9Sniii"))+((0.4731931686401367)%(-6111207257289771627)))) OR (isEmpty(toStringOrNull(true))) RETURN n
INFO  ch.cypherchecker.common.GlobalState - MATCH (n:g) RETURN n
INFO  ch.cypherchecker.common.GlobalState - MATCH (n:g) WHERE NOT(((duration.inDays(date('05481219'),date('0877-12-18'))) IS NULL)OR(n.fPktk=~toString(null))) RETURN n
INFO  ch.cypherchecker.common.GlobalState - MATCH (n:g) WHERE (duration.inSeconds(date('07260221'),date('0199-11-04')))>(duration.inMonths(date('02390228'),date('06191010'))) RETURN n
INFO  ch.cypherchecker.common.GlobalState - MATCH (n:g) WHERE (NOT(((duration.inDays(date('05481219'),date('0877-12-18'))) IS NULL)OR(n.fPktk=~toString(null)))) OR ((duration.inSeconds(date('07260221'),date('0199-11-04')))>(duration.inMonths(date('02390228'),date('06191010')))) RETURN n
INFO  ch.cypherchecker.common.GlobalState - MATCH (n:ogm) RETURN n
INFO  ch.cypherchecker.common.GlobalState - MATCH (n:ogm) WHERE (-(-(-(-5599508537260641972)))) IS NULL RETURN n
INFO  ch.cypherchecker.common.GlobalState - MATCH (n:ogm) WHERE (lTrim("-RHes(aS"))+(+(toFloatOrNull(0.9389761090278625)))=~toLower(toString(">+")) RETURN n
INFO  ch.cypherchecker.common.GlobalState - MATCH (n:ogm) WHERE ((-(-(-(-5599508537260641972)))) IS NULL) OR ((lTrim("-RHes(aS"))+(+(toFloatOrNull(0.9389761090278625)))=~toLower(toString(">+"))) RETURN n
INFO  ch.cypherchecker.common.GlobalState - MATCH (n:Cx) RETURN n
INFO  ch.cypherchecker.common.GlobalState - MATCH (n:Cx) WHERE (-((-(0o311412552013572726210))+(-(-2382745161205209775))))=(((-(-0x45534ae1e8e69397))%(+(-0o265024016470155377707)))*((+(2446755536520706828))-((0o127744503725353307213)-(-7350504806168939801)))) RETURN n
INFO  ch.cypherchecker.common.GlobalState - MATCH (n:Cx) WHERE ((toLower("(\r.86kWy"))+(-(+(0.6343501806259155))))STARTS WITH((trim("*T"))+(((-0x5ce878468c878287)%(-0o644362277272064362050))-(size("")))) RETURN n
INFO  ch.cypherchecker.common.GlobalState - MATCH (n:Cx) WHERE ((-((-(0o311412552013572726210))+(-(-2382745161205209775))))=(((-(-0x45534ae1e8e69397))%(+(-0o265024016470155377707)))*((+(2446755536520706828))-((0o127744503725353307213)-(-7350504806168939801))))) OR (((toLower("(\r.86kWy"))+(-(+(0.6343501806259155))))STARTS WITH((trim("*T"))+(((-0x5ce878468c878287)%(-0o644362277272064362050))-(size(""))))) RETURN n
INFO  ch.cypherchecker.common.GlobalState - MATCH (n:Cx) RETURN n
INFO  ch.cypherchecker.common.GlobalState - MATCH (n:Cx) WHERE n.fiio5HvQ RETURN n
INFO  ch.cypherchecker.common.GlobalState - MATCH (n:Cx) WHERE n.fiio5HvQ RETURN n
INFO  ch.cypherchecker.common.GlobalState - MATCH (n:Cx) WHERE (n.fiio5HvQ) OR (n.fiio5HvQ) RETURN n
INFO  ch.cypherchecker.common.GlobalState - MATCH (n:iI) RETURN n
INFO  ch.cypherchecker.common.GlobalState - MATCH (n:iI) WHERE toBooleanOrNull(n.K) RETURN n
INFO  ch.cypherchecker.common.GlobalState - MATCH (n:iI) WHERE (duration.between(date('06180617'),n.K))<(duration.inSeconds(date('0651-02-18'),n.K)) RETURN n
INFO  ch.cypherchecker.common.GlobalState - MATCH (n:iI) WHERE (toBooleanOrNull(n.K)) OR ((duration.between(date('06180617'),n.K))<(duration.inSeconds(date('0651-02-18'),n.K))) RETURN n
INFO  ch.cypherchecker.common.GlobalState - MATCH (n:ogm) RETURN n
INFO  ch.cypherchecker.common.GlobalState - MATCH (n:ogm) WHERE (((((NOT((("\r")+(0x788b5d064f2cd183))STARTS WITH(toUpper("&P"))))OR(((-(0.8649592995643616))^((0.7908944487571716)/(-7585408901471954628))) IS NOT NULL))XOR(NOT((n.UvJ) IS NULL)))OR(reverse("\r")=~(("")+("3s3'"))+(toString(-8555589576422092314))))OR((time('0953')) IS NOT NULL))AND((point({ x: 0.963932, y: 0.589118, z: 0.751122 }))>=(point({ x: 0.942094, y: 0.023968, z: 0.389528 }))) RETURN n
INFO  ch.cypherchecker.common.GlobalState - MATCH (n:ogm) WHERE ((toIntegerOrNull(point({ x: 0.828315, y: 0.011367 })))/(sign(0o460033334570036540463))) IS NOT NULL RETURN n
INFO  ch.cypherchecker.common.GlobalState - MATCH (n:ogm) WHERE ((((((NOT((("\r")+(0x788b5d064f2cd183))STARTS WITH(toUpper("&P"))))OR(((-(0.8649592995643616))^((0.7908944487571716)/(-7585408901471954628))) IS NOT NULL))XOR(NOT((n.UvJ) IS NULL)))OR(reverse("\r")=~(("")+("3s3'"))+(toString(-8555589576422092314))))OR((time('0953')) IS NOT NULL))AND((point({ x: 0.963932, y: 0.589118, z: 0.751122 }))>=(point({ x: 0.942094, y: 0.023968, z: 0.389528 })))) OR (((toIntegerOrNull(point({ x: 0.828315, y: 0.011367 })))/(sign(0o460033334570036540463))) IS NOT NULL) RETURN n
INFO  ch.cypherchecker.common.GlobalState - MATCH (n:iI) RETURN n
INFO  ch.cypherchecker.common.GlobalState - MATCH (n:iI) WHERE toString(toBooleanOrNull(n.K))=~((("")+(""))+((0.11003148555755615)%(-0x7181fa3c26a4a496)))+(ceil(-0x56009a9cf5aeccf7)) RETURN n
INFO  ch.cypherchecker.common.GlobalState - MATCH (n:iI) WHERE right(toLower("M"),-(0x52e75b7e1ee3f0e9))=~toLower(("+\nzD3,om4")+(null)) RETURN n
INFO  ch.cypherchecker.common.GlobalState - MATCH (n:iI) WHERE (toString(toBooleanOrNull(n.K))=~((("")+(""))+((0.11003148555755615)%(-0x7181fa3c26a4a496)))+(ceil(-0x56009a9cf5aeccf7))) OR (right(toLower("M"),-(0x52e75b7e1ee3f0e9))=~toLower(("+\nzD3,om4")+(null))) RETURN n
INFO  ch.cypherchecker.common.GlobalState - MATCH (n:F) RETURN n
INFO  ch.cypherchecker.common.GlobalState - MATCH (n:F) WHERE toBoolean(right("'\\!\rZ^8",-0x2d24c7fd09e02ec0)) RETURN n
INFO  ch.cypherchecker.common.GlobalState - MATCH (n:F) WHERE (-((size(""))%(+(0.32361316680908203))))<=(((-(0.6007251143455505))-(toFloatOrNull(false)))*(size(""))) RETURN n
INFO  ch.cypherchecker.common.GlobalState - MATCH (n:F) WHERE (toBoolean(right("'\\!\rZ^8",-0x2d24c7fd09e02ec0))) OR ((-((size(""))%(+(0.32361316680908203))))<=(((-(0.6007251143455505))-(toFloatOrNull(false)))*(size("")))) RETURN n
INFO  ch.cypherchecker.common.GlobalState - MATCH (n:F) RETURN n
INFO  ch.cypherchecker.common.GlobalState - MATCH (n:F) WHERE (point({ x: 0.738037, y: 0.391761, z: 0.081085 })) IS NULL RETURN n
INFO  ch.cypherchecker.common.GlobalState - MATCH (n:F) WHERE toBooleanOrNull(sign(0o22253320657344625562)) RETURN n
INFO  ch.cypherchecker.common.GlobalState - MATCH (n:F) WHERE ((point({ x: 0.738037, y: 0.391761, z: 0.081085 })) IS NULL) OR (toBooleanOrNull(sign(0o22253320657344625562))) RETURN n
INFO  ch.cypherchecker.common.GlobalState - MATCH (n:F) RETURN n
INFO  ch.cypherchecker.common.GlobalState - MATCH (n:F) WHERE NOT(((((((((("0")+(-7439251819727116792))CONTAINS(("P")+("-6MuP\r\r ")))AND(toLower("{?2")=~("^")+(">6K\t")))XOR((time('15:55:43'))<(time('11'))))AND(((isEmpty("d|}cY"))OR((time('18')) IS NULL))AND("~j**7|fI"=~"]]\n")))AND(isNaN(0.972464382648468)))AND(((((((("") IS NULL)AND(toBoolean("")))AND(("K")ENDS WITH("!")))XOR(("iMP")CONTAINS("/-O*{8")))AND((duration('P1179864085W1981717230DT1093428598M'))=(duration('P2066642829M891308077WT1866887907H541485451S'))))XOR("z"=~""))AND("bl#n}"=~"'TR\nM")))AND((time('17:22:42')) IS NULL))OR((size("(!a")) IS NOT NULL)) RETURN n
INFO  ch.cypherchecker.common.GlobalState - java.lang.AssertionError: MATCH (n:F) WHERE NOT(((((((((("0")+(-7439251819727116792))CONTAINS(("P")+("-6MuP\r\r ")))AND(toLower("{?2")=~("^")+(">6K\t")))XOR((time('15:55:43'))<(time('11'))))AND(((isEmpty("d|}cY"))OR((time('18')) IS NULL))AND("~j**7|fI"=~"]]\n")))AND(isNaN(0.972464382648468)))AND(((((((("") IS NULL)AND(toBoolean("")))AND(("K")ENDS WITH("!")))XOR(("iMP")CONTAINS("/-O*{8")))AND((duration('P1179864085W1981717230DT1093428598M'))=(duration('P2066642829M891308077WT1866887907H541485451S'))))XOR("z"=~""))AND("bl#n}"=~"'TR\nM")))AND((time('17:22:42')) IS NULL))OR((size("(!a")) IS NOT NULL)) RETURN n
	at ch.cypherchecker.neo4j.Neo4JQuery.checkException(Neo4JQuery.java:71)
	at ch.cypherchecker.neo4j.Neo4JQuery.executeAndGet(Neo4JQuery.java:54)
	at ch.cypherchecker.cypher.oracle.CypherNodeOracle.check(CypherNodeOracle.java:53)
	at ch.cypherchecker.Main.run(Main.java:129)
	at ch.cypherchecker.Main.main(Main.java:96)
Caused by: java.lang.IllegalArgumentException: Comparison method violates its general contract!
	at java.base/java.util.TimSort.mergeLo(TimSort.java:781)
	at java.base/java.util.TimSort.mergeAt(TimSort.java:518)
	at java.base/java.util.TimSort.mergeCollapse(TimSort.java:448)
	at java.base/java.util.TimSort.sort(TimSort.java:245)
	at java.base/java.util.Arrays.sort(Arrays.java:1233)
	at scala.collection.SeqOps.sorted(Seq.scala:727)
	at scala.collection.SeqOps.sorted$(Seq.scala:719)
	at scala.collection.immutable.List.scala$collection$immutable$StrictOptimizedSeqOps$$super$sorted(List.scala:79)
	at scala.collection.immutable.StrictOptimizedSeqOps.sorted(StrictOptimizedSeqOps.scala:78)
	at scala.collection.immutable.StrictOptimizedSeqOps.sorted$(StrictOptimizedSeqOps.scala:78)
	at scala.collection.immutable.List.sorted(List.scala:79)
	at scala.collection.SeqOps.sortBy(Seq.scala:781)
	at scala.collection.SeqOps.sortBy$(Seq.scala:781)
	at scala.collection.AbstractSeq.sortBy(Seq.scala:1188)
	at org.neo4j.cypher.internal.compiler.planner.logical.steps.SortPredicatesBySelectivity$.org$neo4j$cypher$internal$compiler$planner$logical$steps$SortPredicatesBySelectivity$$sortSelectionPredicates(SortPredicatesBySelectivity.scala:132)
	at org.neo4j.cypher.internal.compiler.planner.logical.steps.SortPredicatesBySelectivity$$anonfun$1.applyOrElse(SortPredicatesBySelectivity.scala:82)
	at scala.PartialFunction$OrElse.apply(PartialFunction.scala:266)
	at org.neo4j.cypher.internal.util.Rewritable$RewritableAny$.rewrite$extension(Rewritable.scala:123)
	at org.neo4j.cypher.internal.util.bottomUp$BottomUpRewriter.rec(Rewritable.scala:347)
	at org.neo4j.cypher.internal.util.bottomUp$BottomUpRewriter.apply(Rewritable.scala:330)
	at org.neo4j.cypher.internal.util.Rewritable$RewritableAny$.rewrite$extension(Rewritable.scala:123)
	at org.neo4j.cypher.internal.util.Rewritable$RewritableAny$.endoRewrite$extension(Rewritable.scala:132)
	at org.neo4j.cypher.internal.compiler.planner.logical.steps.SortPredicatesBySelectivity$.process(SortPredicatesBySelectivity.scala:86)
	at org.neo4j.cypher.internal.compiler.planner.logical.steps.SortPredicatesBySelectivity$.process(SortPredicatesBySelectivity.scala:54)
	at org.neo4j.cypher.internal.frontend.phases.Phase.$anonfun$transform$1(Phase.scala:36)
	at org.neo4j.cypher.internal.frontend.helpers.package$.$anonfun$closing$1(package.scala:25)
	at org.neo4j.cypher.internal.frontend.helpers.package$.using(package.scala:34)
	at org.neo4j.cypher.internal.frontend.helpers.package$.closing(package.scala:25)
	at org.neo4j.cypher.internal.frontend.phases.Phase.transform(Phase.scala:35)
	at org.neo4j.cypher.internal.frontend.phases.Phase.transform$(Phase.scala:33)
	at org.neo4j.cypher.internal.compiler.planner.logical.steps.SortPredicatesBySelectivity$.transform(SortPredicatesBySelectivity.scala:54)
	at org.neo4j.cypher.internal.frontend.phases.PipeLine.transform(Transformer.scala:75)
	at org.neo4j.cypher.internal.frontend.phases.PipeLine.transform(Transformer.scala:74)
	at org.neo4j.cypher.internal.frontend.phases.If.transform(Transformer.scala:93)
	at org.neo4j.cypher.internal.frontend.phases.PipeLine.transform(Transformer.scala:75)
	at org.neo4j.cypher.internal.compiler.CypherPlanner.planPreparedQuery(CypherPlanner.scala:76)
	at org.neo4j.cypher.internal.planning.CypherPlanner.doCreatePlan(CypherPlanner.scala:452)
	at org.neo4j.cypher.internal.planning.CypherPlanner.org$neo4j$cypher$internal$planning$CypherPlanner$$createPlan$1(CypherPlanner.scala:390)
	at org.neo4j.cypher.internal.planning.CypherPlanner$$anon$1.compile(CypherPlanner.scala:402)
	at org.neo4j.cypher.internal.planning.CypherPlanner$$anon$1.compile(CypherPlanner.scala:401)
	at org.neo4j.cypher.internal.QueryCache.$anonfun$compileAndCache$1(QueryCache.scala:259)
	at org.neo4j.cypher.internal.QueryCache.compileOrCompileWithExpressionCodeGenAndCache(QueryCache.scala:294)
	at org.neo4j.cypher.internal.QueryCache.compileAndCache(QueryCache.scala:259)
	at org.neo4j.cypher.internal.QueryCache.computeIfAbsentOrStale(QueryCache.scala:172)
	at org.neo4j.cypher.internal.planning.CypherPlanner.doPlan(CypherPlanner.scala:421)
	at org.neo4j.cypher.internal.planning.CypherPlanner.parseAndPlan(CypherPlanner.scala:277)
	at org.neo4j.cypher.internal.CypherCurrentCompiler.compile(CypherCurrentCompiler.scala:129)
	at org.neo4j.cypher.internal.LibraryMasterCompiler.compile(MasterCompiler.scala:114)
	at org.neo4j.cypher.internal.ExecutionEngine.$anonfun$compilerWithExpressionCodeGenOption$2(ExecutionEngine.scala:243)
	at org.neo4j.cypher.internal.ExecutionEngine$$anon$1.compile(ExecutionEngine.scala:251)
	at org.neo4j.cypher.internal.ExecutionEngine$$anon$1.compile(ExecutionEngine.scala:245)
	at org.neo4j.cypher.internal.QueryCache.$anonfun$compileAndCache$1(QueryCache.scala:259)
	at org.neo4j.cypher.internal.QueryCache.compileOrCompileWithExpressionCodeGenAndCache(QueryCache.scala:294)
	at org.neo4j.cypher.internal.QueryCache.compileAndCache(QueryCache.scala:259)
	at org.neo4j.cypher.internal.QueryCache.computeIfAbsentOrStale(QueryCache.scala:172)
	at org.neo4j.cypher.internal.ExecutionEngine.getOrCompile(ExecutionEngine.scala:305)
	at org.neo4j.cypher.internal.ExecutionEngine.doExecute(ExecutionEngine.scala:200)
	at org.neo4j.cypher.internal.ExecutionEngine.$anonfun$executeSubquery$1(ExecutionEngine.scala:173)
	at org.neo4j.cypher.internal.ExecutionEngine.closing(ExecutionEngine.scala:179)
	at org.neo4j.cypher.internal.ExecutionEngine.executeSubquery(ExecutionEngine.scala:161)
	at org.neo4j.cypher.internal.ExecutionEngine.execute(ExecutionEngine.scala:97)
	at org.neo4j.cypher.internal.javacompat.ExecutionEngine.executeQuery(ExecutionEngine.java:121)
	at org.neo4j.cypher.internal.javacompat.ExecutionEngine.executeQuery(ExecutionEngine.java:106)
	at org.neo4j.kernel.impl.coreapi.TransactionImpl.execute(TransactionImpl.java:234)
	at org.neo4j.kernel.impl.coreapi.TransactionImpl.execute(TransactionImpl.java:225)
	at org.neo4j.kernel.impl.coreapi.TransactionImpl.execute(TransactionImpl.java:220)
	at ch.cypherchecker.neo4j.Neo4JConnection.execute(Neo4JConnection.java:43)
	at ch.cypherchecker.neo4j.Neo4JQuery.executeAndGet(Neo4JQuery.java:52)
	... 3 more
