INFO  ch.cypherchecker.common.GlobalState - CREATE (Bhj:si {W7A:0.4497920870780945, tm4p2xoqk:"", r:0.13523906469345093, w:null, o6:time('17:37')}), (w_:si {tm4p2xoqk:Bhj.tm4p2xoqk, W7A:0.13895756006240845, r:0.035474300384521484, w:Bhj.w, o6:time('22:18:48.464059776')}), (w_)-[aFp:hWa {z:duration.inSeconds(w_.w,Bhj.w), gc:-0o104134017307763024443}]->(Bhj)
INFO  ch.cypherchecker.common.GlobalState - CREATE (np7fl:JO {tmyg:abs(+(toIntegerOrNull(-3889275957684581866))), AdpU:0.9858747720718384}), (qM:gTbhUeVq9 {vl4cTT:(np7fl.AdpU)>=(exp(np7fl.tmyg)), DbTG2G:point({ x: 0.326109, y: 0.727470, z: 0.566693 })}), (m:gTbhUeVq9 {DbTG2G:point({ x: 0.570794, y: 0.034338 }), vl4cTT:false}), (np7fl)-[BDt9gh:IVa {Q:duration('P2008729031Y291872609M1633333405DT1429049618H2147483647M'), xJJzwHI:(left(trim("["),-(np7fl.tmyg)))+((+(np7fl.tmyg))+(-(toInteger(np7fl.tmyg)))), S7hbHcH:time('17'), zT:duration('P1993402506WT1628628525H')}]->(qM), (qM)-[t:IVa {Q:duration('P1505633622M1396286279DT583360326H1437463121S'), xJJzwHI:"RK^", S7hbHcH:time('03'), zT:duration.between(np7fl.Fv0,np7fl.Fv0)}]->(np7fl), (qM)-[T:hWa {z:duration('P2006848428MT63583541H'), gc:+(np7fl.tmyg), uB:0.4441656470298767}]->(m), (m)-[WM5FHO:IVa {Q:duration.between(np7fl.Fv0,date('02560524')), S7hbHcH:BDt9gh.S7hbHcH}]->(m)
INFO  ch.cypherchecker.common.GlobalState - MATCH (n:rXwlTzS) WHERE NOT(isNaN((0.8281702399253845)+(0o240406623031501474554))) REMOVE n.Re
INFO  ch.cypherchecker.common.GlobalState - CREATE (gQdW:rXwlTzS {cdDF4r:date('0547-05-16')}), (AM7P6TBnr:gTbhUeVq9 {DbTG2G:point({ x: 0.742716, y: 0.172857 }), vl4cTT:false}), (a:JO {tmyg:-0x6a50c79eabe5c466, Fv0:date('04090224'), AdpU:e()}), (mfGMHHBs:gTbhUeVq9 {vl4cTT:(AM7P6TBnr.DbTG2G) IS NOT NULL}), (mfGMHHBs)-[L:TU {rv:false}]->(mfGMHHBs), (mfGMHHBs)-[yHX:hWa {gc:0o60416046627770055316, uB:Infinity}]->(AM7P6TBnr), (mfGMHHBs)-[P:TU {rv:(gQdW.N1w) IS NULL}]->(gQdW), (AM7P6TBnr)-[n7OtA:TU {rv:(isNaN(-(a.AdpU)))OR((lTrim("E"))STARTS WITH(left("5fPK3",-0x4f2bd87660a38d1)))}]->(AM7P6TBnr), (AM7P6TBnr)-[v:TU {rv:toBoolean(AM7P6TBnr.vl4cTT)}]->(gQdW), (gQdW)-[U:hWa {z:duration('P372957064Y1417434470DT1325101891H180197286M1541895916S'), gc:-0x6882998215669051, uB:a.AdpU}]->(a), (gQdW)-[z8:IVa {Q:duration.between(date('0384-09-14'),a.Fv0), xJJzwHI:gQdW.N1w, S7hbHcH:time('04'), zT:duration('P2129216573Y889224870M1581062212W1420070753DT1875727153H1170124684M1190548965S')}]->(AM7P6TBnr) RETURN a , U , AM7P6TBnr , v , yHX.gc , n7OtA , L , z8.xJJzwHI ORDER BY P.rv DESC , a, U.z , AM7P6TBnr LIMIT 2254030914438135209
INFO  ch.cypherchecker.common.GlobalState - CREATE (GE:rXwlTzS {cdDF4r:date('01640822'), Re:duration('P1529600561M317079033W'), N1w:""}) RETURN *  LIMIT 4123545654255545827
INFO  ch.cypherchecker.common.GlobalState - MATCH (n:JO) WHERE ((substring("0U18\\aUA",n.tmyg,n.tmyg))+(ceil(-0o412142417710454627437)))+(((-0o732666473341460026013)-(n.tmyg))/(n.AdpU))=~substring(substring("",n.tmyg,0o346526576064204434344),n.tmyg,n.tmyg) REMOVE n.tmyg
INFO  ch.cypherchecker.common.GlobalState - MATCH (n:gTbhUeVq9) WHERE n.vl4cTT REMOVE n.vl4cTT RETURN n AS rczrJ  LIMIT 5364525258666086411
INFO  ch.cypherchecker.common.GlobalState - CREATE (r:si {tm4p2xoqk:(toUpper(("Wfpj")+("<1W'")))+((replace("","![i",""))+((("S")+(""))+(sign(0.7492797374725342)))), W7A:0.580811619758606, r:-(floor((0.8253036737442017)^(0.9555219411849976))), w:date('07300424'), o6:time('23:07:09.138309808')}), (I:rXwlTzS {Re:duration('P368506167Y738788921M632219448W697568616DT1413017020M'), N1w:"-p+9"}), (r)-[ziT:IVa {Q:I.Re, xJJzwHI:"v", S7hbHcH:time('06:29')}]->(r)
INFO  ch.cypherchecker.common.GlobalState - CREATE (F8E:JO {Fv0:date('0224-03-19'), tmyg:+(+(+(size("")))), AdpU:((log10(0.019273817539215088))%((+(0.6682350635528564))-(-(-7959306147635493178))))-(+(+(point.distance(point({ x: 0.517698, y: 0.733247, z: 0.137259 }),point({ x: 0.396600, y: 0.234240 })))))}), (Pr:gTbhUeVq9 {DbTG2G:point({ x: 0.832526, y: 0.134802 })}), (EdUG7j:rXwlTzS {cdDF4r:date('06210207'), Re:duration('P1985717392M530582861DT1922648961M'), N1w:trim((substring("\n2KZ#",-0x643f315d6d3de995,0o771106734151260675477))+((-638441999928132499)*(F8E.tmyg)))}), (VW5:gTbhUeVq9 {vl4cTT:toBooleanOrNull(EdUG7j.Re), DbTG2G:point({ x: 0.666047, y: 0.358327, z: 0.838085 })}), (F8E)-[kmgqFHsHTY:hWa {uB:0.12694042921066284}]->(EdUG7j), (F8E)-[Ot:hWa {z:EdUG7j.Re, gc:abs(+(F8E.tmyg)), uB:-(F8E.AdpU)}]->(VW5), (Pr)-[a4B:IVa {Q:duration('P1096095575Y1548046730WT1663913812S'), zT:duration('P480023758Y1574800978MT1616043717H')}]->(Pr), (EdUG7j)-[cm_:IVa {Q:duration('P892468606Y803099211M1562737258DT1229929572S'), xJJzwHI:EdUG7j.N1w}]->(Pr), (EdUG7j)-[D:TU {rv:a4B.xJJzwHI=~toUpper(replace("*,[>JWcZB",EdUG7j.N1w,a4B.xJJzwHI))}]->(VW5), (VW5)-[kI:TU {rv:false}]->(Pr), (VW5)-[kVd6:TU {rv:kI.rv}]->(EdUG7j)
INFO  ch.cypherchecker.common.GlobalState - CREATE (TnE:si {tm4p2xoqk:toUpper(left("%",0o251523230270566642615)), r:0.04558408260345459, o6:time('08'), w:date('06440322')}), (TnE)-[yh:IVa {xJJzwHI:" W}a%Mv", zT:duration.inMonths(TnE.w,TnE.w)}]->(TnE) RETURN TnE , yh.Q AS m ORDER BY TnE, yh LIMIT 2134739722739118479
INFO  ch.cypherchecker.common.GlobalState - CREATE (EO7hXE:si {W7A:0.04358994960784912, tm4p2xoqk:"{", r:0.06845933198928833, w:date('07740612')}), (sCYGIvu:gTbhUeVq9 {DbTG2G:point({ x: 179769313486231570000000000000000000000000000000000000000000000000000000000000000000000000000000000000000000000000000000000000000000000000000000000000000000000000000000000000000000000000000000000000000000000000000000000000000000000000000000000000000000000000000000000000000000000000000000000000000000000000000.000000, y: 0.580235 })}), (nYa:si {W7A:EO7hXE.W7A, tm4p2xoqk:EO7hXE.tm4p2xoqk, r:(EO7hXE.r)*(EO7hXE.W7A), o6:time('1635'), w:EO7hXE.w}), (e:rXwlTzS {Re:duration('P862508477M1465866682W1248848538DT1568050345H604767944S'), N1w:">6)4bm}! "}), (Dt:JO {tmyg:null, Fv0:date('05051105'), AdpU:EO7hXE.W7A}), (Dt)-[VG:hWa {z:duration.inMonths(e.cdDF4r,EO7hXE.w), gc:-8210625086588062320, uB:0.4858027696609497}]->(sCYGIvu), (Dt)-[U50:TU {rv:sCYGIvu.vl4cTT}]->(nYa), (sCYGIvu)-[d:hWa {gc:0x1394bf6d5d28d391}]->(Dt), (sCYGIvu)-[n72HexmT:TU {rv:true}]->(sCYGIvu), (e)-[O2:TU {rv:false}]->(Dt), (e)-[qI9T:TU {rv:sCYGIvu.vl4cTT}]->(e), (e)-[x:TU {rv:false}]->(nYa), (nYa)-[b:hWa {z:duration('P1935549040Y99152405M1378846186WT1193625426H655796758M'), gc:-0o11543373042054542772, uB:-(sqrt(toFloatOrNull(duration('P1766496819M1655543019W13690710DT510079037H1847373543M'))))}]->(sCYGIvu), (nYa)-[kh:TU {rv:true}]->(e), (nYa)-[yJ:hWa {z:duration('P1784511058DT1S'), gc:Dt.tmyg}]->(EO7hXE), (EO7hXE)-[pJFg7R1Z:IVa {Q:duration('P626957167YT1735626629M1034299222S'), xJJzwHI:"", S7hbHcH:time('23'), zT:duration('P6304662MT96799719M1169916361S')}]->(Dt), (EO7hXE)-[bu:TU {rv:true}]->(e), (EO7hXE)-[nxJZVdZ:hWa {z:duration('P946919288Y1820845898M1163697356DT698242212S'), gc:-0x699e99ff602e2481, uB:(EO7hXE.r)*(0.08329421281814575)}]->(nYa) RETURN * ORDER BY Dt, U50, yJ, bu.rv , d.z , e, nYa.w DESCENDING , x, n72HexmT, EO7hXE LIMIT 1013655237440466698
INFO  ch.cypherchecker.common.GlobalState - CREATE (WZX:si {W7A:round((+(0.6411088109016418))+(+(0.9366655349731445)))}), (be:rXwlTzS {cdDF4r:date('0344-05-08'), Re:duration('P628299618Y1917231383MT2082213955M')}), (CUjfgjAFbS:JO {Fv0:date('0524-06-12')}), (ZI8:rXwlTzS {N1w:"EIs"}), (x5Z:rXwlTzS {Re:duration('P2052042439Y995379279M1044034980DT1125149844M')}), (be)-[K45:TU {rv:true}]->(be), (be)-[h:TU {rv:false}]->(CUjfgjAFbS), (WZX)-[j_61:hWa {z:duration.inDays(x5Z.cdDF4r,date('0399-05-31')), gc:-(CUjfgjAFbS.tmyg), uB:round(-((CUjfgjAFbS.AdpU)+(WZX.r)))}]->(be), (WZX)-[Ps1Mw7Nqc:TU {rv:false}]->(WZX), (WZX)-[q:TU {rv:true}]->(CUjfgjAFbS), (WZX)-[VS98QKJl:IVa {xJJzwHI:toLower((replace(WZX.tm4p2xoqk,"Hz",be.N1w))+(CUjfgjAFbS.tmyg)), S7hbHcH:time('23'), zT:duration('P1714236724M1879918940WT1712184166H1011955183M')}]->(x5Z), (CUjfgjAFbS)-[gWyu:TU {rv:false}]->(be), (CUjfgjAFbS)-[Z:hWa {gc:-(CUjfgjAFbS.tmyg)}]->(WZX), (CUjfgjAFbS)-[D:hWa {z:duration.between(x5Z.cdDF4r,CUjfgjAFbS.Fv0), gc:0o777065515430263742731, uB:CUjfgjAFbS.AdpU}]->(CUjfgjAFbS), (CUjfgjAFbS)-[O:hWa {gc:toIntegerOrNull(toUpper(be.N1w))}]->(ZI8), (ZI8)-[Uuh:TU {rv:gWyu.rv}]->(be), (ZI8)-[RCqdB1:hWa {z:duration('P1990759295W319692776DT1265752541S'), gc:-0x293763c1c8485710, uB:0.5155284404754639}]->(WZX), (ZI8)-[u7:hWa {z:duration('P1909700452M1563785493DT824460189M2128491202S')}]->(ZI8), (ZI8)-[Dg:TU {rv:h.rv}]->(x5Z), (x5Z)-[QQG:TU {rv:false}]->(WZX)
INFO  ch.cypherchecker.common.GlobalState - CREATE (KrgstmQ:si {W7A:+(+((-(0.25022006034851074))^(toInteger(true)))), tm4p2xoqk:right((("z")+(0x361a6848b41fc5a5))+(+(-7695804485106153509)),-((4708053381906979863)/(-5617756778370285622))), r:abs(floor(-31353142453782265)), o6:time('18'), w:date('0943-07-13')}), (KrgstmQ)-[Nb:IVa {Q:duration('P445149660Y1903518277M313579426W320177231DT1853850468M904481341S'), xJJzwHI:KrgstmQ.tm4p2xoqk, S7hbHcH:time('0741'), zT:duration.inSeconds(KrgstmQ.w,date('00560217'))}]->(KrgstmQ)
INFO  ch.cypherchecker.common.GlobalState - CREATE (GF:JO {tmyg:toInteger((("n")+("~"))+(-(0o531471533703700173306)))}), (k0jN4wL2v:si {r:0.4086766242980957}), (k0jN4wL2v)-[LNvft:IVa {Q:duration('P1737383921Y1DT274406723H1821027273S')}]->(k0jN4wL2v), (GF)-[VQuDmk:hWa {z:null, gc:-0x15b60d2b0de42d17, uB:point.distance(point({ x: 0.269653, y: 0.469742, z: 0.179430 }),point({ x: 0.842038, y: 0.359318, z: 0.266731 }))}]->(k0jN4wL2v) RETURN VQuDmk , LNvft , GF.Fv0 AS BNW ORDER BY LNvft
INFO  ch.cypherchecker.common.GlobalState - MATCH (n:JO) WHERE isNaN(n.AdpU) REMOVE n.tmyg
INFO  ch.cypherchecker.common.GlobalState - MATCH (n:rXwlTzS) WHERE ((((point({ x: 0.538080, y: 0.417103 })) IS NULL)XOR((n.N1w)ENDS WITH(n.N1w)))AND(NOT(((((((NOT(true))XOR(n.N1w=~"|v}G"))XOR(NOT(true)))OR(toBoolean(false)))OR(("\\qp0")ENDS WITH(n.N1w)))OR((time('1354'))=(null)))XOR((n.cdDF4r) IS NOT NULL))))OR((("")+("Y")=~replace("_\r",n.N1w," z1H"))XOR(toBooleanOrNull(0.5029905438423157))) REMOVE n.N1w
INFO  ch.cypherchecker.common.GlobalState - MATCH (n:rXwlTzS) WHERE (n.cdDF4r)=(n.cdDF4r) REMOVE n.N1w
INFO  ch.cypherchecker.common.GlobalState - CREATE (QTz:rXwlTzS {cdDF4r:date('0747-02-21'), Re:duration('P1253492714Y1335523795M2049382537WT515206914S')}), (EvCpGk3L:JO {AdpU:0.801338791847229}), (PDJP:gTbhUeVq9 {DbTG2G:point({ x: 0.586626, y: 0.079900 }), vl4cTT:(QTz.Re)<>(QTz.Re)}), (VRJc:JO {Fv0:date('0478-02-26'), tmyg:(abs((EvCpGk3L.tmyg)+(EvCpGk3L.tmyg)))+((EvCpGk3L.tmyg)*(EvCpGk3L.tmyg)), AdpU:(EvCpGk3L.AdpU)*((EvCpGk3L.AdpU)+(EvCpGk3L.AdpU))}), (QTz)-[d:IVa {Q:duration.between(QTz.cdDF4r,QTz.cdDF4r), S7hbHcH:time('10'), zT:duration.inSeconds(date('05850730'),date('07060213'))}]->(EvCpGk3L), (QTz)-[PQeYsWC:hWa {z:duration.inDays(date('0956-12-22'),EvCpGk3L.Fv0), gc:EvCpGk3L.tmyg, uB:0.3733052611351013}]->(VRJc), (EvCpGk3L)-[wmt:IVa {Q:duration('P726650153Y1696325441M132771084W135126217DT1532792371H'), xJJzwHI:"uu", S7hbHcH:time('20:52:37,809000472'), zT:duration('P574563322Y')}]->(VRJc), (VRJc)-[Wk:IVa {Q:duration('P240811452DT1392159803M'), xJJzwHI:wmt.xJJzwHI, zT:duration('P824989016WT232685987M')}]->(VRJc), (PDJP)-[Y:TU {rv:NOT(PDJP.vl4cTT)}]->(QTz), (PDJP)-[yefSmZAz:hWa {uB:PQeYsWC.uB}]->(EvCpGk3L), (PDJP)-[a4pbI8j:IVa {xJJzwHI:(QTz.N1w)+(PQeYsWC.uB), S7hbHcH:time('055310')}]->(VRJc), (PDJP)-[MIj:hWa {gc:sign(EvCpGk3L.tmyg)}]->(PDJP)
INFO  ch.cypherchecker.common.GlobalState - CREATE (Lma8L7M75:gTbhUeVq9 {DbTG2G:point({ x: 0.574295, y: 0.800271, z: 0.349867 }), vl4cTT:((right("",-0x240a4fd096d1b865))+(toFloat(0.30787891149520874)))+((-(5576774296372889014))*(+(0x3810b8ec23cb9413)))=~(reverse(""))+(0.8694604635238647)}), (y:rXwlTzS {cdDF4r:date('0800-04-11')}), (y)-[PKT1:hWa {gc:+(abs(sign(0.49185705184936523))), uB:0.7510543465614319}]->(y), (y)-[DEmR:IVa {zT:duration.inMonths(y.cdDF4r,date('05781118'))}]->(Lma8L7M75) RETURN *
INFO  ch.cypherchecker.common.GlobalState - CREATE (m9:si {W7A:0.3583616018295288}), (M:rXwlTzS {cdDF4r:m9.w}), (m9)-[hkel:hWa {z:M.Re, uB:m9.W7A}]->(m9), (M)-[gNw:IVa {Q:hkel.z, xJJzwHI:rTrim(m9.tm4p2xoqk), S7hbHcH:time('20:30'), zT:duration('P760888459M1513068824DT1616059113M')}]->(M)
INFO  ch.cypherchecker.common.GlobalState - SHOW TRANSACTION
INFO  ch.cypherchecker.common.GlobalState - MATCH (n:JO) WHERE (point({ x: 0.421016, y: 0.812670 })) IS NOT NULL DETACH DELETE n RETURN n
INFO  ch.cypherchecker.common.GlobalState - MATCH (n:gTbhUeVq9) WHERE n.vl4cTT DETACH DELETE n
INFO  ch.cypherchecker.common.GlobalState - CREATE INDEX cQI IF NOT EXISTS FOR (n:rXwlTzS) ON (n.cdDF4r, n.Re)
INFO  ch.cypherchecker.common.GlobalState - CREATE (YI:rXwlTzS {cdDF4r:date('0140-05-03'), N1w:((toLower("xo"))+((sqrt(0.08096963167190552))^((0.5864816308021545)%(0.07040905952453613))))+((toStringOrNull(point({ x: 0.174041, y: 0.653214, z: 0.030595 })))+((toLower(","))+(-(-0o364462151140306234007))))}), (YI)-[nYLmfF:TU {rv:false}]->(YI)
INFO  ch.cypherchecker.common.GlobalState - CREATE (m:JO {Fv0:date('0932-09-29'), tmyg:-2949006319117463363}), (EhvGQnd6W:JO {Fv0:m.Fv0}), (c5:gTbhUeVq9 {DbTG2G:point({ x: 0.563525, y: 0.904909 })}), (EhvGQnd6W)-[a:TU {rv:false}]->(EhvGQnd6W), (EhvGQnd6W)-[BoEp:TU {rv:true}]->(m), (m)-[J:TU {rv:a.rv}]->(c5), (m)-[b:IVa {xJJzwHI:"", S7hbHcH:time('18:01'), zT:duration('P1349046840WT930612491S')}]->(m)
INFO  ch.cypherchecker.common.GlobalState - CREATE (S:JO {tmyg:0x47fbf90826c0f52a, Fv0:date('00111124'), AdpU:0.5917425155639648}) RETURN DISTINCT S  LIMIT 8057042688911366731
INFO  ch.cypherchecker.common.GlobalState - CREATE RANGE INDEX opzxH4hO_B IF NOT EXISTS FOR ()-[n:IVa]-() ON (n.xJJzwHI, n.S7hbHcH)
INFO  ch.cypherchecker.common.GlobalState - CREATE (d71:rXwlTzS {cdDF4r:date('0798-11-21'), N1w:(((("xb")+(0.5590304732322693))+((0x2d24f0a09221dfe0)/(0.4093717932701111)))+(left("",-1009202958712804387)))+(-(+((0x5a01052158275514)/(-0o313072074454364343754))))}), (U:si {W7A:0.9061627984046936, tm4p2xoqk:toLower(rTrim(d71.N1w)), r:0.9278736710548401, w:d71.cdDF4r}), (U)-[yCJZ:TU {rv:true}]->(U), (U)-[vF0HoeQJ8:hWa {z:duration('P404457737W301149511DT385309284H'), uB:0.06156492233276367}]->(d71), (d71)-[G03Lw:hWa {uB:0.5000354051589966}]->(U), (d71)-[trk:TU {rv:false}]->(d71) RETURN *
INFO  ch.cypherchecker.common.GlobalState - MATCH (n:JO) WHERE toBoolean(replace("X","Ms","")) DETACH DELETE n RETURN *  LIMIT 7384260193400836874
INFO  ch.cypherchecker.common.GlobalState - SHOW BUILT IN FUNCTION
INFO  ch.cypherchecker.common.GlobalState - SHOW ALL FUNCTION
INFO  ch.cypherchecker.common.GlobalState - MATCH (n:rXwlTzS) WHERE (sign(-(0.17140501737594604))) IS NULL DETACH DELETE n RETURN n.N1w ORDER BY n.Re
INFO  ch.cypherchecker.common.GlobalState - CREATE (Ue9qwj908u:gTbhUeVq9 {DbTG2G:point({ x: 0.372642, y: 0.233706, z: 0.020089 })}), (Oy:rXwlTzS {Re:duration.between(date('0192-02-09'),date('02840725')), N1w:"#0"}), (Ve:gTbhUeVq9 {vl4cTT:true}), (Ue9qwj908u)-[J3i:IVa {Q:duration.inMonths(Oy.cdDF4r,date('0457-01-01')), xJJzwHI:Oy.N1w, zT:duration('P1388445114YT2093643324S')}]->(Ve), (Oy)-[L:TU {rv:false}]->(Oy), (Oy)-[S0b7:hWa {z:duration.inSeconds(Oy.cdDF4r,date('08500115'))}]->(Ve), (Ve)-[XJwkCC:IVa {xJJzwHI:"S'", zT:duration.inSeconds(date('0305-11-13'),Oy.cdDF4r)}]->(Oy), (Ve)-[na:IVa {Q:duration('P1886023393Y1923404971DT1825928444H1978132484M2030989795S')}]->(Ve) RETURN * ORDER BY J3i, XJwkCC, na, S0b7, Ue9qwj908u, Oy.N1w DESC , L, Ve LIMIT 1075767811474222825
INFO  ch.cypherchecker.common.GlobalState - MATCH (n:rXwlTzS) WHERE (date('01360816')) IS NOT NULL SET n.N1w = "" RETURN *
INFO  ch.cypherchecker.common.GlobalState - SHOW TRANSACTION
INFO  ch.cypherchecker.common.GlobalState - CREATE (doLjqs:JO {AdpU:0.1872413158416748}), (doLjqs)-[xefm:hWa {z:duration('P1624788712Y1723388441M1504979835DT949526766H1345442194M1959652503S'), uB:doLjqs.AdpU}]->(doLjqs) RETURN * ORDER BY xefm LIMIT 9031578396133926001
INFO  ch.cypherchecker.common.GlobalState - CREATE (gEAT:gTbhUeVq9 {DbTG2G:point({ x: 0.256665, y: 0.851688, z: 0.520953 })}), (gEAT)-[yV8:IVa {Q:duration('P1440020283MT952630302M1873943785S'), S7hbHcH:time('07')}]->(gEAT)
INFO  ch.cypherchecker.common.GlobalState - SHOW PROCEDURE
INFO  ch.cypherchecker.common.GlobalState - MATCH (n:rXwlTzS) WHERE ((-(+(-0o120006567423577623155)))%((toIntegerOrNull(n.Re))-((0o436650550020721416367)+(-5570655419064581434))))<(-(-(0x1))) SET n.cdDF4r = date('04740411') RETURN n.cdDF4r ORDER BY n
INFO  ch.cypherchecker.common.GlobalState - CREATE INDEX f4vAgXn IF NOT EXISTS FOR ()-[n:IVa]-() ON (n.Q, n.xJJzwHI, n.S7hbHcH, n.zT)
INFO  ch.cypherchecker.common.GlobalState - CREATE (tFR:gTbhUeVq9 {DbTG2G:point({ x: 0.700828, y: 0.403444, z: 0.286787 })}), (wQSkG:JO {tmyg:toInteger(-(-(0.5085892677307129)))}), (tFR)-[f:hWa {z:duration('P2060359495Y563201132W1595154324DT2146108065S'), uB:0.19227582216262817}]->(wQSkG) RETURN * ORDER BY tFR.vl4cTT DESC , f.gc , wQSkG
INFO  ch.cypherchecker.common.GlobalState - SHOW PROCEDURES
INFO  ch.cypherchecker.common.GlobalState - DROP INDEX index_343aff4e
INFO  ch.cypherchecker.common.GlobalState - SHOW TRANSACTIONS
INFO  ch.cypherchecker.common.GlobalState - SHOW ALL FUNCTIONS
INFO  ch.cypherchecker.common.GlobalState - CREATE TEXT INDEX Qp5HdQIZm FOR (n:si) ON (n.tm4p2xoqk)
INFO  ch.cypherchecker.common.GlobalState - CREATE (Ng:gTbhUeVq9 {vl4cTT:false}), (Ng)-[W:TU {rv:true}]->(Ng) RETURN DISTINCT W , Ng ORDER BY Ng  LIMIT 3411698310845216755
INFO  ch.cypherchecker.common.GlobalState - SHOW TRANSACTIONS
INFO  ch.cypherchecker.common.GlobalState - MATCH (n:JO) WHERE ((((date('0331-04-01'))<(date('0872-04-01')))XOR((trim(""))STARTS WITH(left("]-b",n.tmyg))))AND(isEmpty(toUpper("4"))))XOR((replace("","","/"))+(("E>aw.6>J ")+(0.9523658752441406))=~left("\t",n.tmyg)) SET n.AdpU = 0.6081836223602295 RETURN *  LIMIT 6598935071224192592
INFO  ch.cypherchecker.common.GlobalState - MATCH (n:JO) WHERE (((-(-(-0o534210273557166620743)))<(((-7085595041465836308)-(-2725999095374234881))-((306715460187503906)%(n.tmyg))))AND((((n.tmyg)%(0.40218305587768555))<(+(n.AdpU)))<=(toBoolean("b.*lv*_zZ"))))AND(NOT((0o226515306145663663763)<=(n.tmyg))) SET n.tmyg = size((("E")+(0.7096281051635742))+(sign(0.009482920169830322))) RETURN n.AdpU AS J3b7AM
INFO  ch.cypherchecker.common.GlobalState - java.lang.AssertionError: MATCH (n:JO) WHERE (((-(-(-0o534210273557166620743)))<(((-7085595041465836308)-(-2725999095374234881))-((306715460187503906)%(n.tmyg))))AND((((n.tmyg)%(0.40218305587768555))<(+(n.AdpU)))<=(toBoolean("b.*lv*_zZ"))))AND(NOT((0o226515306145663663763)<=(n.tmyg))) SET n.tmyg = size((("E")+(0.7096281051635742))+(sign(0.009482920169830322))) RETURN n.AdpU AS J3b7AM
	at ch.cypherchecker.neo4j.Neo4JQuery.checkException(Neo4JQuery.java:71)
	at ch.cypherchecker.neo4j.Neo4JQuery.execute(Neo4JQuery.java:41)
	at ch.cypherchecker.neo4j.Neo4JGenerator.generate(Neo4JGenerator.java:84)
	at ch.cypherchecker.Main.run(Main.java:121)
	at ch.cypherchecker.Main.main(Main.java:96)
Caused by: org.neo4j.graphdb.QueryExecutionException
	at org.neo4j.kernel.impl.query.QueryExecutionKernelException.asUserException(QueryExecutionKernelException.java:32)
	at org.neo4j.cypher.internal.javacompat.ResultSubscriber.converted(ResultSubscriber.java:355)
	at org.neo4j.cypher.internal.javacompat.ResultSubscriber.fetchResults(ResultSubscriber.java:315)
	at org.neo4j.cypher.internal.javacompat.ResultSubscriber.materialize(ResultSubscriber.java:87)
	at org.neo4j.cypher.internal.result.StandardInternalExecutionResult.initiate(StandardInternalExecutionResult.scala:65)
	at org.neo4j.cypher.internal.result.ClosingExecutionResult.$anonfun$initiate$1(ClosingExecutionResult.scala:60)
	at scala.runtime.java8.JFunction0$mcV$sp.apply(JFunction0$mcV$sp.scala:18)
	at org.neo4j.cypher.internal.result.ClosingExecutionResult.safely(ClosingExecutionResult.scala:103)
	at org.neo4j.cypher.internal.result.ClosingExecutionResult.initiate(ClosingExecutionResult.scala:60)
	at org.neo4j.cypher.internal.result.ClosingExecutionResult$.wrapAndInitiate(ClosingExecutionResult.scala:196)
	at org.neo4j.cypher.internal.CypherCurrentCompiler$CypherExecutableQuery.innerExecute(CypherCurrentCompiler.scala:455)
	at org.neo4j.cypher.internal.CypherCurrentCompiler$CypherExecutableQuery.execute(CypherCurrentCompiler.scala:383)
	at org.neo4j.cypher.internal.ExecutionEngine.doExecute(ExecutionEngine.scala:228)
	at org.neo4j.cypher.internal.ExecutionEngine.$anonfun$executeSubquery$1(ExecutionEngine.scala:173)
	at org.neo4j.cypher.internal.ExecutionEngine.closing(ExecutionEngine.scala:179)
	at org.neo4j.cypher.internal.ExecutionEngine.executeSubquery(ExecutionEngine.scala:161)
	at org.neo4j.cypher.internal.ExecutionEngine.execute(ExecutionEngine.scala:97)
	at org.neo4j.cypher.internal.javacompat.ExecutionEngine.executeQuery(ExecutionEngine.java:121)
	at org.neo4j.cypher.internal.javacompat.ExecutionEngine.executeQuery(ExecutionEngine.java:106)
	at org.neo4j.kernel.impl.coreapi.TransactionImpl.execute(TransactionImpl.java:234)
	at org.neo4j.kernel.impl.coreapi.TransactionImpl.execute(TransactionImpl.java:225)
	at org.neo4j.kernel.impl.coreapi.TransactionImpl.execute(TransactionImpl.java:220)
	at ch.cypherchecker.neo4j.Neo4JConnection.execute(Neo4JConnection.java:43)
	at ch.cypherchecker.neo4j.Neo4JQuery.execute(Neo4JQuery.java:35)
	... 3 more
Caused by: org.neo4j.kernel.impl.query.QueryExecutionKernelException
	... 26 more
Caused by: org.neo4j.exceptions.ArithmeticException
	at org.neo4j.cypher.operations.CypherMath.modulo(CypherMath.java:210)
	at org.neo4j.cypher.internal.runtime.interpreted.commands.expressions.Modulo.calc(Modulo.scala:27)
	at org.neo4j.cypher.internal.runtime.interpreted.commands.expressions.Arithmetics.applyWithValues(Expression.scala:86)
	at org.neo4j.cypher.internal.runtime.interpreted.commands.expressions.Arithmetics.apply(Expression.scala:80)
	at org.neo4j.cypher.internal.runtime.interpreted.commands.expressions.Subtract.apply(Subtract.scala:31)
	at org.neo4j.cypher.internal.runtime.interpreted.commands.predicates.ComparablePredicate.isMatch(ComparablePredicate.scala:43)
	at org.neo4j.cypher.internal.runtime.interpreted.commands.predicates.CompositeBooleanPredicate.$anonfun$isMatch$2(Predicate.scala:141)
	at scala.util.Try$.apply(Try.scala:210)
	at org.neo4j.cypher.internal.runtime.interpreted.commands.predicates.CompositeBooleanPredicate.$anonfun$isMatch$1(Predicate.scala:141)
	at org.neo4j.cypher.internal.util.NonEmptyList.foldLeftLoop(NonEmptyList.scala:282)
	at org.neo4j.cypher.internal.util.NonEmptyList.foldLeft(NonEmptyList.scala:202)
	at org.neo4j.cypher.internal.util.NonEmptyList.foldLeft$(NonEmptyList.scala:201)
	at org.neo4j.cypher.internal.util.Fby.foldLeft(NonEmptyList.scala:358)
	at org.neo4j.cypher.internal.runtime.interpreted.commands.predicates.CompositeBooleanPredicate.isMatch(Predicate.scala:136)
	at org.neo4j.cypher.internal.runtime.interpreted.commands.predicates.Predicate.apply(Predicate.scala:101)
	at org.neo4j.cypher.internal.runtime.interpreted.commands.predicates.Predicate.apply(Predicate.scala:98)
	at org.neo4j.cypher.internal.runtime.interpreted.pipes.FilterPipe.$anonfun$internalCreateResults$1(FilterPipe.scala:34)
	at org.neo4j.cypher.internal.runtime.interpreted.pipes.FilterPipe.$anonfun$internalCreateResults$1$adapted(FilterPipe.scala:34)
	at org.neo4j.cypher.internal.runtime.ClosingIterator$$anon$3.innerHasNext(ClosingIterator.scala:185)
	at org.neo4j.cypher.internal.runtime.ClosingIterator.hasNext(ClosingIterator.scala:135)
	at org.neo4j.cypher.internal.runtime.slotted.pipes.EagerSlottedPipe.internalCreateResults(EagerSlottedPipe.scala:47)
	at org.neo4j.cypher.internal.runtime.interpreted.pipes.PipeWithSource.computeDecoratedResult(Pipe.scala:92)
	at org.neo4j.cypher.internal.runtime.interpreted.pipes.PipeWithSource.createResults(Pipe.scala:81)
	at org.neo4j.cypher.internal.runtime.interpreted.pipes.PipeWithSource.computeDecoratedResult(Pipe.scala:91)
	at org.neo4j.cypher.internal.runtime.interpreted.pipes.PipeWithSource.createResults(Pipe.scala:81)
	at org.neo4j.cypher.internal.runtime.interpreted.pipes.PipeWithSource.computeDecoratedResult(Pipe.scala:91)
	at org.neo4j.cypher.internal.runtime.interpreted.pipes.PipeWithSource.createResults(Pipe.scala:81)
	at org.neo4j.cypher.internal.runtime.interpreted.pipes.PipeWithSource.computeDecoratedResult(Pipe.scala:91)
	at org.neo4j.cypher.internal.runtime.interpreted.pipes.PipeWithSource.createResults(Pipe.scala:81)
	at org.neo4j.cypher.internal.runtime.interpreted.PipeExecutionResult.request(PipeExecutionResult.scala:74)
	at org.neo4j.cypher.internal.result.StandardInternalExecutionResult.request(StandardInternalExecutionResult.scala:103)
	at org.neo4j.cypher.internal.javacompat.ResultSubscriber.fetchResults(ResultSubscriber.java:310)
	... 24 more
Caused by: java.lang.ArithmeticException